#
# A fatal error has been detected by the Java Runtime Environment:
#
#  SIGSEGV (0xb) at pc=0x0000000000000000, pid=20139, tid=259
#
# JRE version: OpenJDK Runtime Environment Corretto-11.0.11.9.1 (11.0.11+9) (build 11.0.11+9-LTS)
# Java VM: OpenJDK 64-Bit Server VM Corretto-11.0.11.9.1 (11.0.11+9-LTS, mixed mode, tiered, compressed oops, g1 gc, bsd-amd64)
# Problematic frame:
# C  0x0000000000000000
#
# No core dump will be written. Core dumps have been disabled. To enable core dumping, try "ulimit -c unlimited" before starting Java again
#
# If you would like to submit a bug report, please visit:
#   https://github.com/corretto/corretto-11/issues/
# The crash happened outside the Java Virtual Machine in native code.
# See problematic frame for where to report the bug.
#

---------------  S U M M A R Y ------------

Command Line: -Djava.library.path=/Users/dominik/IdeaProjects/Games/native -javaagent:/Applications/IntelliJ IDEA Edu.app/Contents/lib/idea_rt.jar=51247:/Applications/IntelliJ IDEA Edu.app/Contents/bin -Dfile.encoding=UTF-8 at.domnik.games.firstgame.ObjectGame

Host: MacBookPro17,1 x86_64 2400 MHz, 8 cores, 8G, Darwin 20.5.0
Time: Sat May  1 23:41:17 2021 CEST elapsed time: 1.021976 seconds (0d 0h 0m 1s)

---------------  T H R E A D  ---------------

Current thread (0x00007fd6b800a800):  JavaThread "AppKit Thread" daemon [_thread_in_native, id=259, stack(0x0000000309396000,0x0000000309b96000)]

Stack: [0x0000000309396000,0x0000000309b96000],  sp=0x0000000309b914c8,  free space=8173k

siginfo: si_signo: 11 (SIGSEGV), si_code: 1 (SEGV_MAPERR), si_addr: 0x0000000000000000

Register to memory mapping:

RAX=0x00007fd6b7aec878 points into unknown readable memory: 0x0000000000000001 | 01 00 00 00 00 00 00 00
RBX=0x00007fd676f05390 points into unknown readable memory: 0x00007fd6b6dcee50 | 50 ee dc b6 d6 7f 00 00
RCX=0x0 is NULL
RDX=0x0 is NULL
RSP=0x0000000309b914c8 is pointing into the stack for thread: 0x00007fd6b800a800
RBP=0x0000000309b91500 is pointing into the stack for thread: 0x00007fd6b800a800
RSI=0x000000000000000d is an unknown value
RDI=0x00007fd6b6dcee50 points into unknown readable memory: 0x0000000000000001 | 01 00 00 00 00 00 00 00
R8 =0x0 is NULL
R9 =0x0 is NULL
R10=0x0 is NULL
R11=0x00007fd680104a78 points into unknown readable memory: 0x0000000000000000 | 00 00 00 00 00 00 00 00
R12=0x0000000000000003 is an unknown value
R13=0x0 is NULL
R14=0x00007fd6b7aec800 points into unknown readable memory: 0x00007fd6b7aec878 | 78 c8 ae b7 d6 7f 00 00
R15=0x00007fd6b7aec8d0 points into unknown readable memory: 0x00007fd676f05390 | 90 53 f0 76 d6 7f 00 00


Registers:
RAX=0x00007fd6b7aec878, RBX=0x00007fd676f05390, RCX=0x0000000000000000, RDX=0x0000000000000000
RSP=0x0000000309b914c8, RBP=0x0000000309b91500, RSI=0x000000000000000d, RDI=0x00007fd6b6dcee50
R8 =0x0000000000000000, R9 =0x0000000000000000, R10=0x0000000000000000, R11=0x00007fd680104a78
R12=0x0000000000000003, R13=0x0000000000000000, R14=0x00007fd6b7aec800, R15=0x00007fd6b7aec8d0
RIP=0x0000000000000000, EFLAGS=0x0000000000000206, ERR=0x0000000000000004
  TRAPNO=0x000000000000000e

Top of Stack: (sp=0x0000000309b914c8)
0x0000000309b914c8:   00007fff26f69226 0000000309b91940
0x0000000309b914d8:   0000000000000003 0000000309b91940
0x0000000309b914e8:   00007fd6b7aec800 00007fd680104920
0x0000000309b914f8:   0000000000000003 0000000309b91ae0
0x0000000309b91508:   00007fff270d21b1 00007fd6b6dac070
0x0000000309b91518:   00007fff801c69c0 0000000000000003
0x0000000309b91528:   0000000309b91b60 0000000000000000
0x0000000309b91538:   0000000309b918c0 0000000309b91570
0x0000000309b91548:   00007fd6b6cb8240 00007fff00000000
0x0000000309b91558:   8af32765219f00df 40f8c5fe85d60bb3
0x0000000309b91568:   219f000120360780 0000000309b91890
0x0000000309b91578:   00007fff22ea2551 0000000000000000
0x0000000309b91588:   00007fd6b7aec800 0000000000000000
0x0000000309b91598:   0000000000000000 0000000000000005
0x0000000309b915a8:   00007fd6b78090c8 0000000000000004
0x0000000309b915b8:   000000000000b41b 0000000000000002
0x0000000309b915c8:   00007fd6b6cb8220 0000000000000002
0x0000000309b915d8:   000000010afd7c00 0000000309b91620
0x0000000309b915e8:   00007fff202ebfca 0000000000000000
0x0000000309b915f8:   0000000000003200 0000000010000000
0x0000000309b91608:   0000000000000002 00007fd6b6cb8220
0x0000000309b91618:   0000000000000002 0000000000000020
0x0000000309b91628:   000000010afd7c00 0000000309b916c0
0x0000000309b91638:   00007fff202ee723 00000001807d0000
0x0000000309b91648:   0000000000000100 000000010afca080
0x0000000309b91658:   00007fd6b6cb8240 0000000500000003
0x0000000309b91668:   0000000000000002 0000000000000030
0x0000000309b91678:   00007fd6b6c00000 00007fd6b6cb8220
0x0000000309b91688:   0000000000000000 000000000afd7c00
0x0000000309b91698:   0000000000000003 0000000000000003
0x0000000309b916a8:   00007fd6b7aec800 00007fd680104a50
0x0000000309b916b8:   0000000000000000 7ff0000000000000 

Instructions: (pc=0x0000000000000000)
0xffffffffffffff00:   


Stack slot to memory mapping:
stack at sp + 0 slots: 0x00007fff26f69226: _ZN2CA11Transaction19run_commit_handlersE18CATransactionPhase+0x5c in /System/Library/Frameworks/QuartzCore.framework/Versions/A/QuartzCore at 0x00007fff26f66000
stack at sp + 1 slots: 0x0000000309b91940 is pointing into the stack for thread: 0x00007fd6b800a800
stack at sp + 2 slots: 0x0000000000000003 is an unknown value
stack at sp + 3 slots: 0x0000000309b91940 is pointing into the stack for thread: 0x00007fd6b800a800
stack at sp + 4 slots: 0x00007fd6b7aec800 points into unknown readable memory: 0x00007fd6b7aec878 | 78 c8 ae b7 d6 7f 00 00
stack at sp + 5 slots: 0x00007fd680104920 points into unknown readable memory: 0x0000400000000002 | 02 00 00 00 00 40 00 00
stack at sp + 6 slots: 0x0000000000000003 is an unknown value
stack at sp + 7 slots: 0x0000000309b91ae0 is pointing into the stack for thread: 0x00007fd6b800a800


---------------  P R O C E S S  ---------------

Threads class SMR info:
_java_thread_list=0x00007fd6b6e22d60, length=12, elements={
0x00007fd697008800, 0x00007fd6b8009000, 0x00007fd6b800e000, 0x00007fd6b700c800,
0x00007fd6b701e000, 0x00007fd6b701e800, 0x00007fd69780e800, 0x00007fd6b7902800,
0x00007fd6b7906800, 0x00007fd6b800a000, 0x00007fd6b800a800, 0x00007fd69787e800
}

Java Threads: ( => current thread )
  0x00007fd697008800 JavaThread "main" [_thread_in_vm, id=6915, stack(0x0000000309c19000,0x0000000309d19000)]
  0x00007fd6b8009000 JavaThread "Reference Handler" daemon [_thread_blocked, id=16131, stack(0x000000030a32e000,0x000000030a42e000)]
  0x00007fd6b800e000 JavaThread "Finalizer" daemon [_thread_blocked, id=21763, stack(0x000000030a431000,0x000000030a531000)]
  0x00007fd6b700c800 JavaThread "Signal Dispatcher" daemon [_thread_blocked, id=40963, stack(0x000000030a643000,0x000000030a743000)]
  0x00007fd6b701e000 JavaThread "Service Thread" daemon [_thread_blocked, id=40707, stack(0x000000030a746000,0x000000030a846000)]
  0x00007fd6b701e800 JavaThread "C2 CompilerThread0" daemon [_thread_blocked, id=39939, stack(0x000000030a849000,0x000000030a949000)]
  0x00007fd69780e800 JavaThread "C1 CompilerThread0" daemon [_thread_blocked, id=24323, stack(0x000000030a94c000,0x000000030aa4c000)]
  0x00007fd6b7902800 JavaThread "Sweeper thread" daemon [_thread_blocked, id=24579, stack(0x000000030aa4f000,0x000000030ab4f000)]
  0x00007fd6b7906800 JavaThread "Common-Cleaner" daemon [_thread_blocked, id=38147, stack(0x000000030ab52000,0x000000030ac52000)]
  0x00007fd6b800a000 JavaThread "Monitor Ctrl-Break" daemon [_thread_in_native, id=25603, stack(0x000000030ac55000,0x000000030ad55000)]
=>0x00007fd6b800a800 JavaThread "AppKit Thread" daemon [_thread_in_native, id=259, stack(0x0000000309396000,0x0000000309b96000)]
  0x00007fd69787e800 JavaThread "AWT-Shutdown" [_thread_blocked, id=46083, stack(0x000000030ae5b000,0x000000030af5b000)]

Other Threads:
  0x00007fd6b7901800 VMThread "VM Thread" [stack: 0x000000030a22b000,0x000000030a32b000] [id=14595]
  0x00007fd6b716f000 WatcherThread [stack: 0x000000030ad58000,0x000000030ae58000] [id=26183]
  0x00007fd6b781a000 GCTaskThread "GC Thread#0" [stack: 0x0000000309d1c000,0x0000000309e1c000] [id=12291]
  0x00007fd6b7848000 ConcurrentGCThread "G1 Main Marker" [stack: 0x0000000309e1f000,0x0000000309f1f000] [id=12803]
  0x00007fd6b7848800 ConcurrentGCThread "G1 Conc#0" [stack: 0x0000000309f22000,0x000000030a022000] [id=18435]
  0x00007fd6b78a9800 ConcurrentGCThread "G1 Refine#0" [stack: 0x000000030a025000,0x000000030a125000] [id=13571]
  0x00007fd6b78aa000 ConcurrentGCThread "G1 Young RemSet Sampling" [stack: 0x000000030a128000,0x000000030a228000] [id=17667]

Threads with active compile tasks:

VM state:not at safepoint (normal execution)

VM Mutex/Monitor currently owned by a thread: None

Heap address: 0x0000000780000000, size: 2048 MB, Compressed Oops mode: Zero based, Oop shift amount: 3
Narrow klass base: 0x0000000800000000, Narrow klass shift: 0
Compressed class space size: 1073741824 Address: 0x0000000800000000

Heap:
 garbage-first heap   total 131072K, used 6144K [0x0000000780000000, 0x0000000800000000)
  region size 1024K, 8 young (8192K), 0 survivors (0K)
 Metaspace       used 10195K, capacity 10440K, committed 10752K, reserved 1058816K
  class space    used 935K, capacity 1007K, committed 1024K, reserved 1048576K
Heap Regions: E=young(eden), S=young(survivor), O=old, HS=humongous(starts), HC=humongous(continues), CS=collection set, F=free, A=archive, TAMS=top-at-mark-start (previous, next)
|   0|0x0000000780000000, 0x0000000780000000, 0x0000000780100000|  0%| F|  |TAMS 0x0000000780000000, 0x0000000780000000| Untracked 
|   1|0x0000000780100000, 0x0000000780100000, 0x0000000780200000|  0%| F|  |TAMS 0x0000000780100000, 0x0000000780100000| Untracked 
|   2|0x0000000780200000, 0x0000000780200000, 0x0000000780300000|  0%| F|  |TAMS 0x0000000780200000, 0x0000000780200000| Untracked 
|   3|0x0000000780300000, 0x0000000780300000, 0x0000000780400000|  0%| F|  |TAMS 0x0000000780300000, 0x0000000780300000| Untracked 
|   4|0x0000000780400000, 0x0000000780400000, 0x0000000780500000|  0%| F|  |TAMS 0x0000000780400000, 0x0000000780400000| Untracked 
|   5|0x0000000780500000, 0x0000000780500000, 0x0000000780600000|  0%| F|  |TAMS 0x0000000780500000, 0x0000000780500000| Untracked 
|   6|0x0000000780600000, 0x0000000780600000, 0x0000000780700000|  0%| F|  |TAMS 0x0000000780600000, 0x0000000780600000| Untracked 
|   7|0x0000000780700000, 0x0000000780700000, 0x0000000780800000|  0%| F|  |TAMS 0x0000000780700000, 0x0000000780700000| Untracked 
|   8|0x0000000780800000, 0x0000000780800000, 0x0000000780900000|  0%| F|  |TAMS 0x0000000780800000, 0x0000000780800000| Untracked 
|   9|0x0000000780900000, 0x0000000780900000, 0x0000000780a00000|  0%| F|  |TAMS 0x0000000780900000, 0x0000000780900000| Untracked 
|  10|0x0000000780a00000, 0x0000000780a00000, 0x0000000780b00000|  0%| F|  |TAMS 0x0000000780a00000, 0x0000000780a00000| Untracked 
|  11|0x0000000780b00000, 0x0000000780b00000, 0x0000000780c00000|  0%| F|  |TAMS 0x0000000780b00000, 0x0000000780b00000| Untracked 
|  12|0x0000000780c00000, 0x0000000780c00000, 0x0000000780d00000|  0%| F|  |TAMS 0x0000000780c00000, 0x0000000780c00000| Untracked 
|  13|0x0000000780d00000, 0x0000000780d00000, 0x0000000780e00000|  0%| F|  |TAMS 0x0000000780d00000, 0x0000000780d00000| Untracked 
|  14|0x0000000780e00000, 0x0000000780e00000, 0x0000000780f00000|  0%| F|  |TAMS 0x0000000780e00000, 0x0000000780e00000| Untracked 
|  15|0x0000000780f00000, 0x0000000780f00000, 0x0000000781000000|  0%| F|  |TAMS 0x0000000780f00000, 0x0000000780f00000| Untracked 
|  16|0x0000000781000000, 0x0000000781000000, 0x0000000781100000|  0%| F|  |TAMS 0x0000000781000000, 0x0000000781000000| Untracked 
|  17|0x0000000781100000, 0x0000000781100000, 0x0000000781200000|  0%| F|  |TAMS 0x0000000781100000, 0x0000000781100000| Untracked 
|  18|0x0000000781200000, 0x0000000781200000, 0x0000000781300000|  0%| F|  |TAMS 0x0000000781200000, 0x0000000781200000| Untracked 
|  19|0x0000000781300000, 0x0000000781300000, 0x0000000781400000|  0%| F|  |TAMS 0x0000000781300000, 0x0000000781300000| Untracked 
|  20|0x0000000781400000, 0x0000000781400000, 0x0000000781500000|  0%| F|  |TAMS 0x0000000781400000, 0x0000000781400000| Untracked 
|  21|0x0000000781500000, 0x0000000781500000, 0x0000000781600000|  0%| F|  |TAMS 0x0000000781500000, 0x0000000781500000| Untracked 
|  22|0x0000000781600000, 0x0000000781600000, 0x0000000781700000|  0%| F|  |TAMS 0x0000000781600000, 0x0000000781600000| Untracked 
|  23|0x0000000781700000, 0x0000000781700000, 0x0000000781800000|  0%| F|  |TAMS 0x0000000781700000, 0x0000000781700000| Untracked 
|  24|0x0000000781800000, 0x0000000781800000, 0x0000000781900000|  0%| F|  |TAMS 0x0000000781800000, 0x0000000781800000| Untracked 
|  25|0x0000000781900000, 0x0000000781900000, 0x0000000781a00000|  0%| F|  |TAMS 0x0000000781900000, 0x0000000781900000| Untracked 
|  26|0x0000000781a00000, 0x0000000781a00000, 0x0000000781b00000|  0%| F|  |TAMS 0x0000000781a00000, 0x0000000781a00000| Untracked 
|  27|0x0000000781b00000, 0x0000000781b00000, 0x0000000781c00000|  0%| F|  |TAMS 0x0000000781b00000, 0x0000000781b00000| Untracked 
|  28|0x0000000781c00000, 0x0000000781c00000, 0x0000000781d00000|  0%| F|  |TAMS 0x0000000781c00000, 0x0000000781c00000| Untracked 
|  29|0x0000000781d00000, 0x0000000781d00000, 0x0000000781e00000|  0%| F|  |TAMS 0x0000000781d00000, 0x0000000781d00000| Untracked 
|  30|0x0000000781e00000, 0x0000000781e00000, 0x0000000781f00000|  0%| F|  |TAMS 0x0000000781e00000, 0x0000000781e00000| Untracked 
|  31|0x0000000781f00000, 0x0000000781f00000, 0x0000000782000000|  0%| F|  |TAMS 0x0000000781f00000, 0x0000000781f00000| Untracked 
|  32|0x0000000782000000, 0x0000000782000000, 0x0000000782100000|  0%| F|  |TAMS 0x0000000782000000, 0x0000000782000000| Untracked 
|  33|0x0000000782100000, 0x0000000782100000, 0x0000000782200000|  0%| F|  |TAMS 0x0000000782100000, 0x0000000782100000| Untracked 
|  34|0x0000000782200000, 0x0000000782200000, 0x0000000782300000|  0%| F|  |TAMS 0x0000000782200000, 0x0000000782200000| Untracked 
|  35|0x0000000782300000, 0x0000000782300000, 0x0000000782400000|  0%| F|  |TAMS 0x0000000782300000, 0x0000000782300000| Untracked 
|  36|0x0000000782400000, 0x0000000782400000, 0x0000000782500000|  0%| F|  |TAMS 0x0000000782400000, 0x0000000782400000| Untracked 
|  37|0x0000000782500000, 0x0000000782500000, 0x0000000782600000|  0%| F|  |TAMS 0x0000000782500000, 0x0000000782500000| Untracked 
|  38|0x0000000782600000, 0x0000000782600000, 0x0000000782700000|  0%| F|  |TAMS 0x0000000782600000, 0x0000000782600000| Untracked 
|  39|0x0000000782700000, 0x0000000782700000, 0x0000000782800000|  0%| F|  |TAMS 0x0000000782700000, 0x0000000782700000| Untracked 
|  40|0x0000000782800000, 0x0000000782800000, 0x0000000782900000|  0%| F|  |TAMS 0x0000000782800000, 0x0000000782800000| Untracked 
|  41|0x0000000782900000, 0x0000000782900000, 0x0000000782a00000|  0%| F|  |TAMS 0x0000000782900000, 0x0000000782900000| Untracked 
|  42|0x0000000782a00000, 0x0000000782a00000, 0x0000000782b00000|  0%| F|  |TAMS 0x0000000782a00000, 0x0000000782a00000| Untracked 
|  43|0x0000000782b00000, 0x0000000782b00000, 0x0000000782c00000|  0%| F|  |TAMS 0x0000000782b00000, 0x0000000782b00000| Untracked 
|  44|0x0000000782c00000, 0x0000000782c00000, 0x0000000782d00000|  0%| F|  |TAMS 0x0000000782c00000, 0x0000000782c00000| Untracked 
|  45|0x0000000782d00000, 0x0000000782d00000, 0x0000000782e00000|  0%| F|  |TAMS 0x0000000782d00000, 0x0000000782d00000| Untracked 
|  46|0x0000000782e00000, 0x0000000782e00000, 0x0000000782f00000|  0%| F|  |TAMS 0x0000000782e00000, 0x0000000782e00000| Untracked 
|  47|0x0000000782f00000, 0x0000000782f00000, 0x0000000783000000|  0%| F|  |TAMS 0x0000000782f00000, 0x0000000782f00000| Untracked 
|  48|0x0000000783000000, 0x0000000783000000, 0x0000000783100000|  0%| F|  |TAMS 0x0000000783000000, 0x0000000783000000| Untracked 
|  49|0x0000000783100000, 0x0000000783100000, 0x0000000783200000|  0%| F|  |TAMS 0x0000000783100000, 0x0000000783100000| Untracked 
|  50|0x0000000783200000, 0x0000000783200000, 0x0000000783300000|  0%| F|  |TAMS 0x0000000783200000, 0x0000000783200000| Untracked 
|  51|0x0000000783300000, 0x0000000783300000, 0x0000000783400000|  0%| F|  |TAMS 0x0000000783300000, 0x0000000783300000| Untracked 
|  52|0x0000000783400000, 0x0000000783400000, 0x0000000783500000|  0%| F|  |TAMS 0x0000000783400000, 0x0000000783400000| Untracked 
|  53|0x0000000783500000, 0x0000000783500000, 0x0000000783600000|  0%| F|  |TAMS 0x0000000783500000, 0x0000000783500000| Untracked 
|  54|0x0000000783600000, 0x0000000783600000, 0x0000000783700000|  0%| F|  |TAMS 0x0000000783600000, 0x0000000783600000| Untracked 
|  55|0x0000000783700000, 0x0000000783700000, 0x0000000783800000|  0%| F|  |TAMS 0x0000000783700000, 0x0000000783700000| Untracked 
|  56|0x0000000783800000, 0x0000000783800000, 0x0000000783900000|  0%| F|  |TAMS 0x0000000783800000, 0x0000000783800000| Untracked 
|  57|0x0000000783900000, 0x0000000783900000, 0x0000000783a00000|  0%| F|  |TAMS 0x0000000783900000, 0x0000000783900000| Untracked 
|  58|0x0000000783a00000, 0x0000000783a00000, 0x0000000783b00000|  0%| F|  |TAMS 0x0000000783a00000, 0x0000000783a00000| Untracked 
|  59|0x0000000783b00000, 0x0000000783b00000, 0x0000000783c00000|  0%| F|  |TAMS 0x0000000783b00000, 0x0000000783b00000| Untracked 
|  60|0x0000000783c00000, 0x0000000783c00000, 0x0000000783d00000|  0%| F|  |TAMS 0x0000000783c00000, 0x0000000783c00000| Untracked 
|  61|0x0000000783d00000, 0x0000000783d00000, 0x0000000783e00000|  0%| F|  |TAMS 0x0000000783d00000, 0x0000000783d00000| Untracked 
|  62|0x0000000783e00000, 0x0000000783e00000, 0x0000000783f00000|  0%| F|  |TAMS 0x0000000783e00000, 0x0000000783e00000| Untracked 
|  63|0x0000000783f00000, 0x0000000783f00000, 0x0000000784000000|  0%| F|  |TAMS 0x0000000783f00000, 0x0000000783f00000| Untracked 
|  64|0x0000000784000000, 0x0000000784000000, 0x0000000784100000|  0%| F|  |TAMS 0x0000000784000000, 0x0000000784000000| Untracked 
|  65|0x0000000784100000, 0x0000000784100000, 0x0000000784200000|  0%| F|  |TAMS 0x0000000784100000, 0x0000000784100000| Untracked 
|  66|0x0000000784200000, 0x0000000784200000, 0x0000000784300000|  0%| F|  |TAMS 0x0000000784200000, 0x0000000784200000| Untracked 
|  67|0x0000000784300000, 0x0000000784300000, 0x0000000784400000|  0%| F|  |TAMS 0x0000000784300000, 0x0000000784300000| Untracked 
|  68|0x0000000784400000, 0x0000000784400000, 0x0000000784500000|  0%| F|  |TAMS 0x0000000784400000, 0x0000000784400000| Untracked 
|  69|0x0000000784500000, 0x0000000784500000, 0x0000000784600000|  0%| F|  |TAMS 0x0000000784500000, 0x0000000784500000| Untracked 
|  70|0x0000000784600000, 0x0000000784600000, 0x0000000784700000|  0%| F|  |TAMS 0x0000000784600000, 0x0000000784600000| Untracked 
|  71|0x0000000784700000, 0x0000000784700000, 0x0000000784800000|  0%| F|  |TAMS 0x0000000784700000, 0x0000000784700000| Untracked 
|  72|0x0000000784800000, 0x0000000784800000, 0x0000000784900000|  0%| F|  |TAMS 0x0000000784800000, 0x0000000784800000| Untracked 
|  73|0x0000000784900000, 0x0000000784900000, 0x0000000784a00000|  0%| F|  |TAMS 0x0000000784900000, 0x0000000784900000| Untracked 
|  74|0x0000000784a00000, 0x0000000784a00000, 0x0000000784b00000|  0%| F|  |TAMS 0x0000000784a00000, 0x0000000784a00000| Untracked 
|  75|0x0000000784b00000, 0x0000000784b00000, 0x0000000784c00000|  0%| F|  |TAMS 0x0000000784b00000, 0x0000000784b00000| Untracked 
|  76|0x0000000784c00000, 0x0000000784c00000, 0x0000000784d00000|  0%| F|  |TAMS 0x0000000784c00000, 0x0000000784c00000| Untracked 
|  77|0x0000000784d00000, 0x0000000784d00000, 0x0000000784e00000|  0%| F|  |TAMS 0x0000000784d00000, 0x0000000784d00000| Untracked 
|  78|0x0000000784e00000, 0x0000000784e00000, 0x0000000784f00000|  0%| F|  |TAMS 0x0000000784e00000, 0x0000000784e00000| Untracked 
|  79|0x0000000784f00000, 0x0000000784f00000, 0x0000000785000000|  0%| F|  |TAMS 0x0000000784f00000, 0x0000000784f00000| Untracked 
|  80|0x0000000785000000, 0x0000000785000000, 0x0000000785100000|  0%| F|  |TAMS 0x0000000785000000, 0x0000000785000000| Untracked 
|  81|0x0000000785100000, 0x0000000785100000, 0x0000000785200000|  0%| F|  |TAMS 0x0000000785100000, 0x0000000785100000| Untracked 
|  82|0x0000000785200000, 0x0000000785200000, 0x0000000785300000|  0%| F|  |TAMS 0x0000000785200000, 0x0000000785200000| Untracked 
|  83|0x0000000785300000, 0x0000000785300000, 0x0000000785400000|  0%| F|  |TAMS 0x0000000785300000, 0x0000000785300000| Untracked 
|  84|0x0000000785400000, 0x0000000785400000, 0x0000000785500000|  0%| F|  |TAMS 0x0000000785400000, 0x0000000785400000| Untracked 
|  85|0x0000000785500000, 0x0000000785500000, 0x0000000785600000|  0%| F|  |TAMS 0x0000000785500000, 0x0000000785500000| Untracked 
|  86|0x0000000785600000, 0x0000000785600000, 0x0000000785700000|  0%| F|  |TAMS 0x0000000785600000, 0x0000000785600000| Untracked 
|  87|0x0000000785700000, 0x0000000785700000, 0x0000000785800000|  0%| F|  |TAMS 0x0000000785700000, 0x0000000785700000| Untracked 
|  88|0x0000000785800000, 0x0000000785800000, 0x0000000785900000|  0%| F|  |TAMS 0x0000000785800000, 0x0000000785800000| Untracked 
|  89|0x0000000785900000, 0x0000000785900000, 0x0000000785a00000|  0%| F|  |TAMS 0x0000000785900000, 0x0000000785900000| Untracked 
|  90|0x0000000785a00000, 0x0000000785a00000, 0x0000000785b00000|  0%| F|  |TAMS 0x0000000785a00000, 0x0000000785a00000| Untracked 
|  91|0x0000000785b00000, 0x0000000785b00000, 0x0000000785c00000|  0%| F|  |TAMS 0x0000000785b00000, 0x0000000785b00000| Untracked 
|  92|0x0000000785c00000, 0x0000000785c00000, 0x0000000785d00000|  0%| F|  |TAMS 0x0000000785c00000, 0x0000000785c00000| Untracked 
|  93|0x0000000785d00000, 0x0000000785d00000, 0x0000000785e00000|  0%| F|  |TAMS 0x0000000785d00000, 0x0000000785d00000| Untracked 
|  94|0x0000000785e00000, 0x0000000785e00000, 0x0000000785f00000|  0%| F|  |TAMS 0x0000000785e00000, 0x0000000785e00000| Untracked 
|  95|0x0000000785f00000, 0x0000000785f00000, 0x0000000786000000|  0%| F|  |TAMS 0x0000000785f00000, 0x0000000785f00000| Untracked 
|  96|0x0000000786000000, 0x0000000786000000, 0x0000000786100000|  0%| F|  |TAMS 0x0000000786000000, 0x0000000786000000| Untracked 
|  97|0x0000000786100000, 0x0000000786100000, 0x0000000786200000|  0%| F|  |TAMS 0x0000000786100000, 0x0000000786100000| Untracked 
|  98|0x0000000786200000, 0x0000000786200000, 0x0000000786300000|  0%| F|  |TAMS 0x0000000786200000, 0x0000000786200000| Untracked 
|  99|0x0000000786300000, 0x0000000786300000, 0x0000000786400000|  0%| F|  |TAMS 0x0000000786300000, 0x0000000786300000| Untracked 
| 100|0x0000000786400000, 0x0000000786400000, 0x0000000786500000|  0%| F|  |TAMS 0x0000000786400000, 0x0000000786400000| Untracked 
| 101|0x0000000786500000, 0x0000000786500000, 0x0000000786600000|  0%| F|  |TAMS 0x0000000786500000, 0x0000000786500000| Untracked 
| 102|0x0000000786600000, 0x0000000786600000, 0x0000000786700000|  0%| F|  |TAMS 0x0000000786600000, 0x0000000786600000| Untracked 
| 103|0x0000000786700000, 0x0000000786700000, 0x0000000786800000|  0%| F|  |TAMS 0x0000000786700000, 0x0000000786700000| Untracked 
| 104|0x0000000786800000, 0x0000000786800000, 0x0000000786900000|  0%| F|  |TAMS 0x0000000786800000, 0x0000000786800000| Untracked 
| 105|0x0000000786900000, 0x0000000786900000, 0x0000000786a00000|  0%| F|  |TAMS 0x0000000786900000, 0x0000000786900000| Untracked 
| 106|0x0000000786a00000, 0x0000000786a00000, 0x0000000786b00000|  0%| F|  |TAMS 0x0000000786a00000, 0x0000000786a00000| Untracked 
| 107|0x0000000786b00000, 0x0000000786b00000, 0x0000000786c00000|  0%| F|  |TAMS 0x0000000786b00000, 0x0000000786b00000| Untracked 
| 108|0x0000000786c00000, 0x0000000786c00000, 0x0000000786d00000|  0%| F|  |TAMS 0x0000000786c00000, 0x0000000786c00000| Untracked 
| 109|0x0000000786d00000, 0x0000000786d00000, 0x0000000786e00000|  0%| F|  |TAMS 0x0000000786d00000, 0x0000000786d00000| Untracked 
| 110|0x0000000786e00000, 0x0000000786e00000, 0x0000000786f00000|  0%| F|  |TAMS 0x0000000786e00000, 0x0000000786e00000| Untracked 
| 111|0x0000000786f00000, 0x0000000786f00000, 0x0000000787000000|  0%| F|  |TAMS 0x0000000786f00000, 0x0000000786f00000| Untracked 
| 112|0x0000000787000000, 0x0000000787000000, 0x0000000787100000|  0%| F|  |TAMS 0x0000000787000000, 0x0000000787000000| Untracked 
| 113|0x0000000787100000, 0x0000000787100000, 0x0000000787200000|  0%| F|  |TAMS 0x0000000787100000, 0x0000000787100000| Untracked 
| 114|0x0000000787200000, 0x0000000787200000, 0x0000000787300000|  0%| F|  |TAMS 0x0000000787200000, 0x0000000787200000| Untracked 
| 115|0x0000000787300000, 0x0000000787300000, 0x0000000787400000|  0%| F|  |TAMS 0x0000000787300000, 0x0000000787300000| Untracked 
| 116|0x0000000787400000, 0x0000000787400000, 0x0000000787500000|  0%| F|  |TAMS 0x0000000787400000, 0x0000000787400000| Untracked 
| 117|0x0000000787500000, 0x0000000787500000, 0x0000000787600000|  0%| F|  |TAMS 0x0000000787500000, 0x0000000787500000| Untracked 
| 118|0x0000000787600000, 0x0000000787600000, 0x0000000787700000|  0%| F|  |TAMS 0x0000000787600000, 0x0000000787600000| Untracked 
| 119|0x0000000787700000, 0x0000000787700000, 0x0000000787800000|  0%| F|  |TAMS 0x0000000787700000, 0x0000000787700000| Untracked 
| 120|0x0000000787800000, 0x00000007878adb10, 0x0000000787900000| 67%| E|  |TAMS 0x0000000787800000, 0x0000000787800000| Complete 
| 121|0x0000000787900000, 0x0000000787a00000, 0x0000000787a00000|100%| E|CS|TAMS 0x0000000787900000, 0x0000000787900000| Complete 
| 122|0x0000000787a00000, 0x0000000787b00000, 0x0000000787b00000|100%| E|CS|TAMS 0x0000000787a00000, 0x0000000787a00000| Complete 
| 123|0x0000000787b00000, 0x0000000787c00000, 0x0000000787c00000|100%| E|CS|TAMS 0x0000000787b00000, 0x0000000787b00000| Complete 
| 124|0x0000000787c00000, 0x0000000787d00000, 0x0000000787d00000|100%| E|CS|TAMS 0x0000000787c00000, 0x0000000787c00000| Complete 
| 125|0x0000000787d00000, 0x0000000787e00000, 0x0000000787e00000|100%| E|CS|TAMS 0x0000000787d00000, 0x0000000787d00000| Complete 
| 126|0x0000000787e00000, 0x0000000787f00000, 0x0000000787f00000|100%| E|  |TAMS 0x0000000787e00000, 0x0000000787e00000| Complete 
| 127|0x0000000787f00000, 0x0000000788000000, 0x0000000788000000|100%| E|CS|TAMS 0x0000000787f00000, 0x0000000787f00000| Complete 

Card table byte_map: [0x00000001290b0000,0x00000001294b0000] _byte_map_base: 0x00000001254b0000

Marking Bits (Prev, Next): (CMBitMap*) 0x00007fd6b783f218, (CMBitMap*) 0x00007fd6b783f250
 Prev Bits: [0x00000001298b0000, 0x000000012b8b0000)
 Next Bits: [0x000000012b8b0000, 0x000000012d8b0000)

Polling page: 0x0000000102ce8000

Metaspace:

Usage:
  Non-class:      9.21 MB capacity,     9.04 MB ( 98%) used,   157.42 KB (  2%) free+waste,    15.69 KB ( <1%) overhead. 
      Class:   1007.00 KB capacity,   935.98 KB ( 93%) used,    63.58 KB (  6%) free+waste,     7.44 KB ( <1%) overhead. 
       Both:     10.20 MB capacity,     9.96 MB ( 98%) used,   221.00 KB (  2%) free+waste,    23.12 KB ( <1%) overhead. 

Virtual space:
  Non-class space:       10.00 MB reserved,       9.50 MB ( 95%) committed 
      Class space:        1.00 GB reserved,       1.00 MB ( <1%) committed 
             Both:        1.01 GB reserved,      10.50 MB (  1%) committed 

Chunk freelists:
   Non-Class:  139.00 KB
       Class:  17.00 KB
        Both:  156.00 KB

MaxMetaspaceSize: unlimited
CompressedClassSpaceSize: 1.00 GB

CodeHeap 'non-profiled nmethods': size=120032Kb used=171Kb max_used=171Kb free=119860Kb
 bounds [0x0000000121b78000, 0x0000000121de8000, 0x00000001290b0000]
CodeHeap 'profiled nmethods': size=120028Kb used=1063Kb max_used=1063Kb free=118964Kb
 bounds [0x000000011a641000, 0x000000011a8b1000, 0x0000000121b78000]
CodeHeap 'non-nmethods': size=5700Kb used=1067Kb max_used=1079Kb free=4632Kb
 bounds [0x000000011a0b0000, 0x000000011a320000, 0x000000011a641000]
 total_blobs=1056 nmethods=672 adapters=298
 compilation: enabled
              stopped_count=0, restarted_count=0
 full_count=0

Compilation events (20 events):
Event: 0.981 Thread 0x00007fd6b701e800  664       4       java.lang.System::getSecurityManager (4 bytes)
Event: 0.982 Thread 0x00007fd6b701e800 nmethod 664 0x0000000121ba2590 code [0x0000000121ba2720, 0x0000000121ba2778]
Event: 0.983 Thread 0x00007fd69780e800  665       3       java.lang.Short::<init> (10 bytes)
Event: 0.983 Thread 0x00007fd69780e800 nmethod 665 0x000000011a746b90 code [0x000000011a746d40, 0x000000011a746ef0]
Event: 0.983 Thread 0x00007fd69780e800  666       3       java.nio.Buffer::remaining (20 bytes)
Event: 0.983 Thread 0x00007fd69780e800 nmethod 666 0x000000011a747010 code [0x000000011a7471c0, 0x000000011a747310]
Event: 0.983 Thread 0x00007fd69780e800  667       3       java.nio.ByteBuffer::<init> (45 bytes)
Event: 0.984 Thread 0x00007fd69780e800 nmethod 667 0x000000011a747390 code [0x000000011a747560, 0x000000011a747780]
Event: 0.986 Thread 0x00007fd69780e800  670       3       java.lang.String::lastIndexOf (29 bytes)
Event: 0.987 Thread 0x00007fd69780e800 nmethod 670 0x000000011a747890 code [0x000000011a747a60, 0x000000011a747cf0]
Event: 0.987 Thread 0x00007fd69780e800  668       3       sun.net.util.IPAddressUtil::checkHostString (53 bytes)
Event: 0.988 Thread 0x00007fd69780e800 nmethod 668 0x000000011a747e10 code [0x000000011a7480e0, 0x000000011a748de0]
Event: 0.988 Thread 0x00007fd69780e800  669       3       sun.net.util.IPAddressUtil::scan (92 bytes)
Event: 0.990 Thread 0x00007fd69780e800 nmethod 669 0x000000011a749290 code [0x000000011a749500, 0x000000011a74a010]
Event: 0.991 Thread 0x00007fd6b701e800  671       4       java.lang.String::startsWith (138 bytes)
Event: 0.992 Thread 0x00007fd69780e800  672       3       java.lang.ref.Cleaner$1::apply (9 bytes)
Event: 0.992 Thread 0x00007fd69780e800 nmethod 672 0x000000011a74a590 code [0x000000011a74a760, 0x000000011a74a9d0]
Event: 0.992 Thread 0x00007fd69780e800  673       3       java.lang.ref.Cleaner$1::apply (5 bytes)
Event: 0.992 Thread 0x00007fd69780e800 nmethod 673 0x000000011a74ab10 code [0x000000011a74acc0, 0x000000011a74add0]
Event: 0.995 Thread 0x00007fd6b701e800 nmethod 671 0x0000000121ba2810 code [0x0000000121ba29a0, 0x0000000121ba2bf8]

GC Heap History (0 events):
No events

Deoptimization events (18 events):
Event: 0.397 Thread 0x00007fd697008800 Uncommon trap: trap_request=0xffffffc6 fr.pc=0x0000000121b81114 relative=0x0000000000000074
Event: 0.397 Thread 0x00007fd697008800 Uncommon trap: reason=bimorphic_or_optimized_type_check action=maybe_recompile pc=0x0000000121b81114 method=java.util.AbstractCollection.isEmpty()Z @ 1 c2
Event: 0.397 Thread 0x00007fd697008800 DEOPT PACKING pc=0x0000000121b81114 sp=0x0000000309d13090
Event: 0.397 Thread 0x00007fd697008800 DEOPT UNPACKING pc=0x000000011a0d559f sp=0x0000000309d13040 mode 2
Event: 0.397 Thread 0x00007fd697008800 Uncommon trap: trap_request=0xffffffc6 fr.pc=0x0000000121b81114 relative=0x0000000000000074
Event: 0.397 Thread 0x00007fd697008800 Uncommon trap: reason=bimorphic_or_optimized_type_check action=maybe_recompile pc=0x0000000121b81114 method=java.util.AbstractCollection.isEmpty()Z @ 1 c2
Event: 0.397 Thread 0x00007fd697008800 DEOPT PACKING pc=0x0000000121b81114 sp=0x0000000309d13260
Event: 0.397 Thread 0x00007fd697008800 DEOPT UNPACKING pc=0x000000011a0d559f sp=0x0000000309d13210 mode 2
Event: 0.399 Thread 0x00007fd697008800 Uncommon trap: trap_request=0xffffffc6 fr.pc=0x0000000121b81114 relative=0x0000000000000074
Event: 0.399 Thread 0x00007fd697008800 Uncommon trap: reason=bimorphic_or_optimized_type_check action=maybe_recompile pc=0x0000000121b81114 method=java.util.AbstractCollection.isEmpty()Z @ 1 c2
Event: 0.399 Thread 0x00007fd697008800 DEOPT PACKING pc=0x0000000121b81114 sp=0x0000000309d13090
Event: 0.399 Thread 0x00007fd697008800 DEOPT UNPACKING pc=0x000000011a0d559f sp=0x0000000309d13040 mode 2
Event: 0.399 Thread 0x00007fd697008800 Uncommon trap: trap_request=0xffffffc6 fr.pc=0x0000000121b81114 relative=0x0000000000000074
Event: 0.399 Thread 0x00007fd697008800 Uncommon trap: reason=bimorphic_or_optimized_type_check action=maybe_recompile pc=0x0000000121b81114 method=java.util.AbstractCollection.isEmpty()Z @ 1 c2
Event: 0.399 Thread 0x00007fd697008800 DEOPT PACKING pc=0x0000000121b81114 sp=0x0000000309d13260
Event: 0.399 Thread 0x00007fd697008800 DEOPT UNPACKING pc=0x000000011a0d559f sp=0x0000000309d13210 mode 2
Event: 0.927 Thread 0x00007fd697008800 DEOPT PACKING pc=0x000000011a689384 sp=0x0000000309d15aa0
Event: 0.927 Thread 0x00007fd697008800 DEOPT UNPACKING pc=0x000000011a0d59ab sp=0x0000000309d14f18 mode 0

Classes redefined (0 events):
No events

Internal exceptions (11 events):
Event: 0.358 Thread 0x00007fd697008800 Exception <a 'java/lang/ClassNotFoundException'{0x0000000787c59e68}: sun/awt/resources/spi/awtProvider> (0x0000000787c59e68) thrown at [./src/hotspot/share/classfile/systemDictionary.cpp, line 231]
Event: 0.440 Thread 0x00007fd697008800 Exception <a 'java/io/FileNotFoundException'{0x0000000787cf0f10}> (0x0000000787cf0f10) thrown at [./src/hotspot/share/prims/jni.cpp, line 615]
Event: 0.471 Thread 0x00007fd697008800 Exception <a 'java/lang/NoSuchMethodError'{0x0000000787b4c548}: 'java.lang.Object java.lang.invoke.DirectMethodHandle$Holder.invokeStatic(java.lang.Object, java.lang.Object, java.lang.Object, java.lang.Object, java.lang.Object, java.lang.Object, java.lang.Object, java.lang.Object, java.lang.Object, java.lang.Object, java.lang.Object, java.lang.Object, java.lang.Object, java.lang.Object, java.lang.Object)'> (0x0000000787b4c548) thrown at [./src/hotspot/share/interpreter/linkResolver.cpp, line 773]
Event: 0.481 Thread 0x00007fd697008800 Exception <a 'java/lang/NoSuchMethodError'{0x0000000787b5a2b8}: 'java.lang.Object java.lang.invoke.DirectMethodHandle$Holder.invokeStatic(java.lang.Object, java.lang.Object, java.lang.Object, java.lang.Object, java.lang.Object, java.lang.Object, java.lang.Object, java.lang.Object, java.lang.Object, java.lang.Object, java.lang.Object, java.lang.Object, java.lang.Object, java.lang.Object, java.lang.Object, java.lang.Object)'> (0x0000000787b5a2b8) thrown at [./src/hotspot/share/interpreter/linkResolver.cpp, l
Event: 0.483 Thread 0x00007fd697008800 Exception <a 'java/lang/NoSuchMethodError'{0x0000000787b67f28}: 'java.lang.Object java.lang.invoke.DirectMethodHandle$Holder.invokeSpecial(java.lang.Object, java.lang.Object, int, int, java.lang.Object, java.lang.Object, java.lang.Object)'> (0x0000000787b67f28) thrown at [./src/hotspot/share/interpreter/linkResolver.cpp, line 773]
Event: 0.485 Thread 0x00007fd697008800 Exception <a 'java/lang/NoSuchMethodError'{0x0000000787b6b4b8}: 'java.lang.Object java.lang.invoke.DelegatingMethodHandle$Holder.reinvoke_L(java.lang.Object, int, int, java.lang.Object, java.lang.Object, java.lang.Object)'> (0x0000000787b6b4b8) thrown at [./src/hotspot/share/interpreter/linkResolver.cpp, line 773]
Event: 0.488 Thread 0x00007fd697008800 Exception <a 'java/lang/NoSuchMethodError'{0x0000000787b6f840}: 'java.lang.Object java.lang.invoke.DirectMethodHandle$Holder.invokeStatic(java.lang.Object, java.lang.Object, java.lang.Object, java.lang.Object, int)'> (0x0000000787b6f840) thrown at [./src/hotspot/share/interpreter/linkResolver.cpp, line 773]
Event: 0.512 Thread 0x00007fd697008800 Exception <a 'java/io/FileNotFoundException'{0x0000000787bd23d8}> (0x0000000787bd23d8) thrown at [./src/hotspot/share/prims/jni.cpp, line 615]
Event: 0.516 Thread 0x00007fd697008800 Exception <a 'java/lang/ClassNotFoundException'{0x0000000787bd42e8}: sun/awt/resources/spi/awtosxProvider> (0x0000000787bd42e8) thrown at [./src/hotspot/share/classfile/systemDictionary.cpp, line 231]
Event: 0.549 Thread 0x00007fd697008800 Exception <a 'java/lang/NoSuchMethodError'{0x0000000787a18bd8}: 'java.lang.Object java.lang.invoke.DirectMethodHandle$Holder.invokeStatic(java.lang.Object, java.lang.Object, java.lang.Object, java.lang.Object, java.lang.Object, java.lang.Object, java.lang.Object, java.lang.Object, int)'> (0x0000000787a18bd8) thrown at [./src/hotspot/share/interpreter/linkResolver.cpp, line 773]
Event: 0.552 Thread 0x00007fd697008800 Exception <a 'java/lang/NoSuchMethodError'{0x0000000787a32cb8}: 'java.lang.Object java.lang.invoke.DirectMethodHandle$Holder.invokeStatic(java.lang.Object, java.lang.Object, java.lang.Object, java.lang.Object, java.lang.Object, java.lang.Object, java.lang.Object, java.lang.Object, int, int)'> (0x0000000787a32cb8) thrown at [./src/hotspot/share/interpreter/linkResolver.cpp, line 773]

Events (20 events):
Event: 0.980 loading class org/lwjgl/input/Keyboard$KeyEvent
Event: 0.980 loading class org/lwjgl/input/Keyboard$KeyEvent done
Event: 0.981 loading class org/lwjgl/opengl/MacOSXNativeKeyboard
Event: 0.981 loading class org/lwjgl/opengl/MacOSXNativeKeyboard done
Event: 0.982 loading class java/lang/Short$ShortCache
Event: 0.982 loading class java/lang/Short$ShortCache done
Event: 0.983 loading class org/lwjgl/opengl/ContextGL
Event: 0.983 loading class org/lwjgl/opengl/ContextGL done
Event: 0.986 loading class org/lwjgl/opengl/ContextImplementation
Event: 0.986 loading class org/lwjgl/opengl/ContextImplementation done
Event: 0.986 loading class org/lwjgl/opengl/MacOSXContextImplementation
Event: 0.986 loading class org/lwjgl/opengl/MacOSXContextImplementation done
Event: 0.990 loading class org/lwjgl/opengl/GLContext
Event: 0.990 loading class org/lwjgl/opengl/GLContext done
Event: 0.991 loading class java/lang/NumberFormatException
Event: 0.991 loading class java/lang/NumberFormatException done
Event: 0.992 loading class org/lwjgl/opengl/GLContext$CapabilitiesCacheEntry
Event: 0.992 loading class org/lwjgl/opengl/GLContext$CapabilitiesCacheEntry done
Event: 1.004 loading class org/lwjgl/opengl/ContextCapabilities
Event: 1.004 loading class org/lwjgl/opengl/ContextCapabilities done


Dynamic libraries:
0x00007ffdffe4c000 	/Library/Apple/usr/libexec/oah/runtime
0x00007fff357b4000 	/System/Library/Frameworks/Cocoa.framework/Versions/A/Cocoa
0x00007fff2226f000 	/System/Library/Frameworks/Security.framework/Versions/A/Security
0x00007fff339c7000 	/System/Library/Frameworks/ApplicationServices.framework/Versions/A/ApplicationServices
0x00007fff2a7c5000 	/usr/lib/libz.1.dylib
0x000000010af91000 	/Users/dominik/Library/Java/JavaVirtualMachines/corretto-11.0.11/Contents/Home/lib/jli/libjli.dylib
0x00007fff2a891000 	/usr/lib/libSystem.B.dylib
0x00007fff22c9d000 	/System/Library/Frameworks/AppKit.framework/Versions/C/AppKit
0x00007fff25b7b000 	/System/Library/Frameworks/CoreData.framework/Versions/A/CoreData
0x00007fff21210000 	/System/Library/Frameworks/Foundation.framework/Versions/C/Foundation
0x00007fff239e5000 	/System/Library/PrivateFrameworks/UIFoundation.framework/Versions/A/UIFoundation
0x00007fff30451000 	/System/Library/PrivateFrameworks/RemoteViewServices.framework/Versions/A/RemoteViewServices
0x00007fff28dc0000 	/System/Library/PrivateFrameworks/XCTTargetBootstrap.framework/Versions/A/XCTTargetBootstrap
0x00007fff2bb3e000 	/usr/lib/libspindump.dylib
0x00007fff23c34000 	/System/Library/Frameworks/UniformTypeIdentifiers.framework/Versions/A/UniformTypeIdentifiers
0x00007fff2751c000 	/usr/lib/libapp_launch_measurement.dylib
0x00007fff2751f000 	/System/Library/PrivateFrameworks/CoreAutoLayout.framework/Versions/A/CoreAutoLayout
0x00007fff2867f000 	/System/Library/Frameworks/Metal.framework/Versions/A/Metal
0x00007fff29420000 	/usr/lib/liblangid.dylib
0x00007fff28dc4000 	/System/Library/PrivateFrameworks/CoreSVG.framework/Versions/A/CoreSVG
0x00007fff24c6c000 	/System/Library/PrivateFrameworks/SkyLight.framework/Versions/A/SkyLight
0x00007fff24fd0000 	/System/Library/Frameworks/CoreGraphics.framework/Versions/A/CoreGraphics
0x00007fff30977000 	/System/Library/Frameworks/Accelerate.framework/Versions/A/Accelerate
0x00007fff2b54e000 	/System/Library/PrivateFrameworks/IconServices.framework/Versions/A/IconServices
0x00007fff28663000 	/System/Library/Frameworks/IOSurface.framework/Versions/A/IOSurface
0x00007fff26508000 	/usr/lib/libDiagnosticMessagesClient.dylib
0x00007fff28dac000 	/System/Library/PrivateFrameworks/DFRFoundation.framework/Versions/A/DFRFoundation
0x00007fff225c4000 	/usr/lib/libicucore.A.dylib
0x00007fff2d4ba000 	/System/Library/Frameworks/AudioToolbox.framework/Versions/A/AudioToolbox
0x00007fff2c36c000 	/System/Library/PrivateFrameworks/DataDetectorsCore.framework/Versions/A/DataDetectorsCore
0x00007fff24be0000 	/usr/lib/libMobileGestalt.dylib
0x00007fff28ab0000 	/System/Library/Frameworks/Carbon.framework/Versions/A/Frameworks/HIToolbox.framework/Versions/A/HIToolbox
0x00007fff26f66000 	/System/Library/Frameworks/QuartzCore.framework/Versions/A/QuartzCore
0x00007fff30489000 	/System/Library/Frameworks/Carbon.framework/Versions/A/Frameworks/SpeechRecognition.framework/Versions/A/SpeechRecognition
0x00007fff27285000 	/System/Library/PrivateFrameworks/CoreUI.framework/Versions/A/CoreUI
0x00007fff21bde000 	/System/Library/Frameworks/CoreAudio.framework/Versions/A/CoreAudio
0x00007fff265f3000 	/System/Library/Frameworks/DiskArbitration.framework/Versions/A/DiskArbitration
0x00007fff2bf0b000 	/System/Library/PrivateFrameworks/MultitouchSupport.framework/Versions/A/MultitouchSupport
0x00007fff2c363000 	/System/Library/PrivateFrameworks/InternationalSupport.framework/Versions/A/InternationalSupport
0x00007fff24bdf000 	/usr/lib/libenergytrace.dylib
0x00007fff22b94000 	/System/Library/Frameworks/IOKit.framework/Versions/A/IOKit
0x00007fff307bc000 	/System/Library/Frameworks/CoreServices.framework/Versions/A/CoreServices
0x00007fff274b2000 	/System/Library/PrivateFrameworks/PerformanceAnalysis.framework/Versions/A/PerformanceAnalysis
0x00007fff6c347000 	/System/Library/Frameworks/OpenGL.framework/Versions/A/OpenGL
0x00007fff2c3e7000 	/System/Library/PrivateFrameworks/UserActivity.framework/Versions/A/UserActivity
0x00007fff2035a000 	/usr/lib/libobjc.A.dylib
0x00007fff25682000 	/System/Library/Frameworks/ColorSync.framework/Versions/A/ColorSync
0x00007fff2053a000 	/System/Library/Frameworks/CoreFoundation.framework/Versions/A/CoreFoundation
0x00007fff2902e000 	/System/Library/Frameworks/CoreImage.framework/Versions/A/CoreImage
0x00007fff219f9000 	/System/Library/Frameworks/CoreText.framework/Versions/A/CoreText
0x00007fff28dee000 	/System/Library/Frameworks/ImageIO.framework/Versions/A/ImageIO
0x00007fff2a897000 	/System/Library/PrivateFrameworks/SoftLinking.framework/Versions/A/SoftLinking
0x00007fff27567000 	/usr/lib/libxml2.2.dylib
0x00007fff20420000 	/usr/lib/libc++.1.dylib
0x00007fff2ab04000 	/usr/lib/libcompression.dylib
0x00007fff2c295000 	/System/Library/PrivateFrameworks/TextureIO.framework/Versions/A/TextureIO
0x00007fff2b1f3000 	/usr/lib/libate.dylib
0x00007fff2a88b000 	/usr/lib/system/libcache.dylib
0x00007fff2a847000 	/usr/lib/system/libcommonCrypto.dylib
0x00007fff2a871000 	/usr/lib/system/libcompiler_rt.dylib
0x00007fff2a866000 	/usr/lib/system/libcopyfile.dylib
0x00007fff2024a000 	/usr/lib/system/libcorecrypto.dylib
0x00007fff20315000 	/usr/lib/system/libdispatch.dylib
0x00007fff204c8000 	/usr/lib/system/libdyld.dylib
0x00007fff2a882000 	/usr/lib/system/libkeymgr.dylib
0x00007fff2e237000 	/usr/lib/system/liblaunch.dylib
0x00007fff2a825000 	/usr/lib/system/libmacho.dylib
0x00007fff2a019000 	/usr/lib/system/libquarantine.dylib
0x00007fff2a87f000 	/usr/lib/system/libremovefile.dylib
0x00007fff24c3d000 	/usr/lib/system/libsystem_asl.dylib
0x00007fff201fa000 	/usr/lib/system/libsystem_blocks.dylib
0x00007fff20397000 	/usr/lib/system/libsystem_c.dylib
0x00007fff2a879000 	/usr/lib/system/libsystem_collections.dylib
0x00007fff29411000 	/usr/lib/system/libsystem_configuration.dylib
0x00007fff28652000 	/usr/lib/system/libsystem_containermanager.dylib
0x00007fff2a5c4000 	/usr/lib/system/libsystem_coreservices.dylib
0x00007fff22824000 	/usr/lib/system/libsystem_darwin.dylib
0x00007fff2a883000 	/usr/lib/system/libsystem_dnssd.dylib
0x00007fff20394000 	/usr/lib/system/libsystem_featureflags.dylib
0x00007fff2050e000 	/usr/lib/system/libsystem_info.dylib
0x00007fff2a7d8000 	/usr/lib/system/libsystem_m.dylib
0x00007fff202e8000 	/usr/lib/system/libsystem_malloc.dylib
0x00007fff24bd0000 	/usr/lib/system/libsystem_networkextension.dylib
0x00007fff22c43000 	/usr/lib/system/libsystem_notify.dylib
0x00007fff306be000 	/usr/lib/system/libsystem_product_info_filter.dylib
0x00007fff29415000 	/usr/lib/system/libsystem_sandbox.dylib
0x00007fff2a87c000 	/usr/lib/system/libsystem_secinit.dylib
0x00007fff2048c000 	/usr/lib/system/libsystem_kernel.dylib
0x00007fff20504000 	/usr/lib/system/libsystem_platform.dylib
0x00007fff204bc000 	/usr/lib/system/libsystem_pthread.dylib
0x00007fff2634b000 	/usr/lib/system/libsystem_symptoms.dylib
0x00007fff20232000 	/usr/lib/system/libsystem_trace.dylib
0x00007fff2a853000 	/usr/lib/system/libunwind.dylib
0x00007fff201fc000 	/usr/lib/system/libxpc.dylib
0x00007fff20476000 	/usr/lib/libc++abi.dylib
0x00007fff2a85e000 	/usr/lib/liboah.dylib
0x00007fff2af20000 	/usr/lib/liblzma.5.dylib
0x00007fff20f24000 	/System/Library/Frameworks/SystemConfiguration.framework/Versions/A/SystemConfiguration
0x00007fff2a893000 	/usr/lib/libfakelink.dylib
0x00007fff24731000 	/System/Library/Frameworks/CFNetwork.framework/Versions/A/CFNetwork
0x00007fff2a9d3000 	/usr/lib/libarchive.2.dylib
0x00007fff20fa2000 	/usr/lib/libCRFSuite.dylib
0x00007fff2a040000 	/usr/lib/libbsm.0.dylib
0x00007fff240b1000 	/usr/lib/libnetwork.dylib
0x00007fff2a898000 	/usr/lib/libpcap.A.dylib
0x00007fff26344000 	/usr/lib/libdns_services.dylib
0x00007fff2af39000 	/usr/lib/libcoretls_cfhelpers.dylib
0x00007fff2aad2000 	/usr/lib/libapple_nghttp2.dylib
0x00007fff2a82b000 	/usr/lib/system/libkxld.dylib
0x00007fff25fc2000 	/usr/lib/libsqlite3.dylib
0x00007fff2a5a7000 	/System/Library/PrivateFrameworks/AppleFSCompression.framework/Versions/A/AppleFSCompression
0x00007fff2a028000 	/usr/lib/libcoretls.dylib
0x00007fff2aaff000 	/usr/lib/libpam.2.dylib
0x00007fff2b036000 	/usr/lib/libxar.1.dylib
0x00007fff2941c000 	/System/Library/PrivateFrameworks/AppleSystemInfo.framework/Versions/A/AppleSystemInfo
0x00007fff29c6a000 	/System/Library/PrivateFrameworks/IOMobileFramebuffer.framework/Versions/A/IOMobileFramebuffer
0x00007fff2a5b7000 	/usr/lib/libbz2.1.0.dylib
0x00007fff2a8d0000 	/usr/lib/libiconv.2.dylib
0x00007fff2a824000 	/usr/lib/libcharset.1.dylib
0x00007fff274ee000 	/System/Library/Frameworks/CoreServices.framework/Versions/A/Frameworks/FSEvents.framework/Versions/A/FSEvents
0x00007fff2282e000 	/System/Library/Frameworks/CoreServices.framework/Versions/A/Frameworks/CarbonCore.framework/Versions/A/CarbonCore
0x00007fff26558000 	/System/Library/Frameworks/CoreServices.framework/Versions/A/Frameworks/Metadata.framework/Versions/A/Metadata
0x00007fff2a5c9000 	/System/Library/Frameworks/CoreServices.framework/Versions/A/Frameworks/OSServices.framework/Versions/A/OSServices
0x00007fff2aa45000 	/System/Library/Frameworks/CoreServices.framework/Versions/A/Frameworks/SearchKit.framework/Versions/A/SearchKit
0x00007fff262cf000 	/System/Library/Frameworks/CoreServices.framework/Versions/A/Frameworks/AE.framework/Versions/A/AE
0x00007fff209d8000 	/System/Library/Frameworks/CoreServices.framework/Versions/A/Frameworks/LaunchServices.framework/Versions/A/LaunchServices
0x00007fff2aed0000 	/System/Library/Frameworks/CoreServices.framework/Versions/A/Frameworks/DictionaryServices.framework/Versions/A/DictionaryServices
0x00007fff274f7000 	/System/Library/Frameworks/CoreServices.framework/Versions/A/Frameworks/SharedFileList.framework/Versions/A/SharedFileList
0x00007fff2a01c000 	/usr/lib/libCheckFix.dylib
0x00007fff24c54000 	/System/Library/PrivateFrameworks/TCC.framework/Versions/A/TCC
0x00007fff29422000 	/System/Library/PrivateFrameworks/CoreNLP.framework/Versions/A/CoreNLP
0x00007fff2650b000 	/System/Library/PrivateFrameworks/MetadataUtilities.framework/Versions/A/MetadataUtilities
0x00007fff20fd7000 	/usr/lib/libmecabra.dylib
0x00007fff2a326000 	/System/Library/Frameworks/MLCompute.framework/Versions/A/MLCompute
0x00007fff2a051000 	/usr/lib/libmecab.dylib
0x00007fff2a09b000 	/usr/lib/libgermantok.dylib
0x00007fff2aaad000 	/usr/lib/libThaiTokenizer.dylib
0x00007fff2b071000 	/usr/lib/libChineseTokenizer.dylib
0x00007fff2aafd000 	/System/Library/Frameworks/MetalPerformanceShaders.framework/Versions/A/MetalPerformanceShaders
0x00007fff265fa000 	/System/Library/Frameworks/Accelerate.framework/Versions/A/Frameworks/vImage.framework/Versions/A/vImage
0x00007fff30796000 	/System/Library/Frameworks/Accelerate.framework/Versions/A/Frameworks/vecLib.framework/Versions/A/vecLib
0x00007fff2b07c000 	/System/Library/Frameworks/Accelerate.framework/Versions/A/Frameworks/vecLib.framework/Versions/A/libvMisc.dylib
0x00007fff29aca000 	/System/Library/Frameworks/Accelerate.framework/Versions/A/Frameworks/vecLib.framework/Versions/A/libvDSP.dylib
0x00007fff20ce0000 	/System/Library/Frameworks/Accelerate.framework/Versions/A/Frameworks/vecLib.framework/Versions/A/libBLAS.dylib
0x00007fff2ab2b000 	/System/Library/Frameworks/Accelerate.framework/Versions/A/Frameworks/vecLib.framework/Versions/A/libLAPACK.dylib
0x00007fff2a0a1000 	/System/Library/Frameworks/Accelerate.framework/Versions/A/Frameworks/vecLib.framework/Versions/A/libLinearAlgebra.dylib
0x00007fff2aaea000 	/System/Library/Frameworks/Accelerate.framework/Versions/A/Frameworks/vecLib.framework/Versions/A/libSparseBLAS.dylib
0x00007fff2ab25000 	/System/Library/Frameworks/Accelerate.framework/Versions/A/Frameworks/vecLib.framework/Versions/A/libQuadrature.dylib
0x00007fff294ce000 	/System/Library/Frameworks/Accelerate.framework/Versions/A/Frameworks/vecLib.framework/Versions/A/libBNNS.dylib
0x00007fff20eb5000 	/System/Library/Frameworks/Accelerate.framework/Versions/A/Frameworks/vecLib.framework/Versions/A/libSparse.dylib
0x00007fff293aa000 	/System/Library/Frameworks/MetalPerformanceShaders.framework/Versions/A/Frameworks/MPSCore.framework/Versions/A/MPSCore
0x00007fff2a516000 	/System/Library/Frameworks/MetalPerformanceShaders.framework/Versions/A/Frameworks/MPSImage.framework/Versions/A/MPSImage
0x00007fff2a0b7000 	/System/Library/Frameworks/MetalPerformanceShaders.framework/Versions/A/Frameworks/MPSNeuralNetwork.framework/Versions/A/MPSNeuralNetwork
0x00007fff2a488000 	/System/Library/Frameworks/MetalPerformanceShaders.framework/Versions/A/Frameworks/MPSMatrix.framework/Versions/A/MPSMatrix
0x00007fff2a2d6000 	/System/Library/Frameworks/MetalPerformanceShaders.framework/Versions/A/Frameworks/MPSRayIntersector.framework/Versions/A/MPSRayIntersector
0x00007fff2a4bf000 	/System/Library/Frameworks/MetalPerformanceShaders.framework/Versions/A/Frameworks/MPSNDArray.framework/Versions/A/MPSNDArray
0x00007fff20c0c000 	/System/Library/PrivateFrameworks/MetalTools.framework/Versions/A/MetalTools
0x00007fff2941a000 	/System/Library/PrivateFrameworks/AggregateDictionary.framework/Versions/A/AggregateDictionary
0x00007fff264d8000 	/System/Library/PrivateFrameworks/CoreAnalytics.framework/Versions/A/CoreAnalytics
0x00007fff2aaaf000 	/System/Library/PrivateFrameworks/AppleSauce.framework/Versions/A/AppleSauce
0x00007fff28675000 	/System/Library/PrivateFrameworks/IOAccelerator.framework/Versions/A/IOAccelerator
0x00007fff6c33b000 	/System/Library/Frameworks/OpenGL.framework/Versions/A/Libraries/libCoreFSCache.dylib
0x00007fff2156e000 	/System/Library/PrivateFrameworks/LanguageModeling.framework/Versions/A/LanguageModeling
0x00007fff29c58000 	/System/Library/PrivateFrameworks/CoreEmoji.framework/Versions/A/CoreEmoji
0x00007fff294c7000 	/System/Library/PrivateFrameworks/LinguisticData.framework/Versions/A/LinguisticData
0x00007fff20e67000 	/System/Library/PrivateFrameworks/Lexicon.framework/Versions/A/Lexicon
0x00007fff2a9c1000 	/usr/lib/libcmph.dylib
0x00007fff274ce000 	/System/Library/Frameworks/OpenDirectory.framework/Versions/A/Frameworks/CFOpenDirectory.framework/Versions/A/CFOpenDirectory
0x00007fff274be000 	/System/Library/Frameworks/OpenDirectory.framework/Versions/A/OpenDirectory
0x00007fff2af3b000 	/System/Library/PrivateFrameworks/APFS.framework/Versions/A/APFS
0x00007fff29f7e000 	/System/Library/Frameworks/SecurityFoundation.framework/Versions/A/SecurityFoundation
0x00007fff2b044000 	/usr/lib/libutil.dylib
0x00007fff22b59000 	/System/Library/PrivateFrameworks/CoreServicesStore.framework/Versions/A/CoreServicesStore
0x00007fff2a014000 	/System/Library/Frameworks/ServiceManagement.framework/Versions/A/ServiceManagement
0x00007fff2b048000 	/usr/lib/libxslt.1.dylib
0x00007fff2a00a000 	/System/Library/PrivateFrameworks/BackgroundTaskManagement.framework/Versions/A/BackgroundTaskManagement
0x00007fff2c1e0000 	/System/Library/Frameworks/ImageIO.framework/Versions/A/Resources/libRadiance.dylib
0x00007fff2c1e9000 	/System/Library/Frameworks/ImageIO.framework/Versions/A/Resources/libJPEG.dylib
0x00007fff2c134000 	/System/Library/Frameworks/ImageIO.framework/Versions/A/Resources/libPng.dylib
0x00007fff2c15b000 	/System/Library/Frameworks/ImageIO.framework/Versions/A/Resources/libTIFF.dylib
0x00007fff2c23e000 	/System/Library/Frameworks/ImageIO.framework/Versions/A/Resources/libGIF.dylib
0x00007fff2be28000 	/System/Library/Frameworks/ImageIO.framework/Versions/A/Resources/libJP2.dylib
0x00007fff2b516000 	/usr/lib/libexpat.1.dylib
0x00007fff2bdde000 	/System/Library/PrivateFrameworks/AppleJPEG.framework/Versions/A/AppleJPEG
0x00007fff2894f000 	/System/Library/PrivateFrameworks/FontServices.framework/libFontParser.dylib
0x00007fff26286000 	/System/Library/PrivateFrameworks/RunningBoardServices.framework/Versions/A/RunningBoardServices
0x00007fff2bf07000 	/System/Library/PrivateFrameworks/WatchdogClient.framework/Versions/A/WatchdogClient
0x00007fff21657000 	/System/Library/Frameworks/CoreDisplay.framework/Versions/A/CoreDisplay
0x00007fff287c0000 	/System/Library/Frameworks/CoreMedia.framework/Versions/A/CoreMedia
0x00007fff2764a000 	/System/Library/Frameworks/CoreVideo.framework/Versions/A/CoreVideo
0x00007fff2bf42000 	/System/Library/Frameworks/VideoToolbox.framework/Versions/A/VideoToolbox
0x00007fff26206000 	/System/Library/PrivateFrameworks/BaseBoard.framework/Versions/A/BaseBoard
0x00007fff2b688000 	/System/Library/PrivateFrameworks/PersistentConnection.framework/Versions/A/PersistentConnection
0x00007fff25fac000 	/System/Library/PrivateFrameworks/ProtocolBuffer.framework/Versions/A/ProtocolBuffer
0x00007fff261ee000 	/System/Library/PrivateFrameworks/CommonUtilities.framework/Versions/A/CommonUtilities
0x00007fff2bda1000 	/System/Library/PrivateFrameworks/Bom.framework/Versions/A/Bom
0x00007fff2c1d8000 	/System/Library/PrivateFrameworks/GPUWrangler.framework/Versions/A/GPUWrangler
0x00007fff2c1bb000 	/System/Library/PrivateFrameworks/IOPresentment.framework/Versions/A/IOPresentment
0x00007fff2c1e3000 	/System/Library/PrivateFrameworks/DSExternalDisplay.framework/Versions/A/DSExternalDisplay
0x00007fff2c243000 	/System/Library/PrivateFrameworks/CMCaptureCore.framework/Versions/A/CMCaptureCore
0x00007fff2bb24000 	/System/Library/PrivateFrameworks/AppServerSupport.framework/Versions/A/AppServerSupport
0x00007fff2dfd8000 	/System/Library/PrivateFrameworks/perfdata.framework/Versions/A/perfdata
0x00007fff29f6d000 	/System/Library/PrivateFrameworks/AssertionServices.framework/Versions/A/AssertionServices
0x00007fff2178e000 	/System/Library/PrivateFrameworks/AudioToolboxCore.framework/Versions/A/AudioToolboxCore
0x00007fff287a3000 	/System/Library/PrivateFrameworks/caulk.framework/Versions/A/caulk
0x00007fff3d4a8000 	/System/Library/PrivateFrameworks/SystemPolicy.framework/Versions/A/SystemPolicy
0x00007fff2b325000 	/usr/lib/libIOReport.dylib
0x00007fff2d814000 	/usr/lib/libSMC.dylib
0x00007fff2c100000 	/usr/lib/libAudioToolboxUtility.dylib
0x00007fff3de03000 	/usr/lib/libmis.dylib
0x00007fff6c397000 	/System/Library/Frameworks/OpenGL.framework/Versions/A/Libraries/libGLU.dylib
0x00007fff6c35a000 	/System/Library/Frameworks/OpenGL.framework/Versions/A/Libraries/libGFXShared.dylib
0x00007fff6c568000 	/System/Library/Frameworks/OpenGL.framework/Versions/A/Libraries/libGL.dylib
0x00007fff6c363000 	/System/Library/Frameworks/OpenGL.framework/Versions/A/Libraries/libGLImage.dylib
0x00007fff6c357000 	/System/Library/Frameworks/OpenGL.framework/Versions/A/Libraries/libCVMSPluginSupport.dylib
0x00007fff6c342000 	/System/Library/Frameworks/OpenGL.framework/Versions/A/Libraries/libCoreVMClient.dylib
0x00007fff6d9b2000 	/System/Library/Frameworks/OpenCL.framework/Versions/A/OpenCL
0x00007fff2b6b1000 	/System/Library/PrivateFrameworks/GraphVisualizer.framework/Versions/A/GraphVisualizer
0x00007fff2b6c0000 	/System/Library/PrivateFrameworks/FaceCore.framework/Versions/A/FaceCore
0x00007fff2badc000 	/System/Library/PrivateFrameworks/OTSVG.framework/Versions/A/OTSVG
0x00007fff27243000 	/System/Library/Frameworks/ApplicationServices.framework/Versions/A/Frameworks/ATS.framework/Versions/A/Resources/libFontRegistry.dylib
0x00007fff2bb2b000 	/System/Library/PrivateFrameworks/FontServices.framework/libhvf.dylib
0x00007fff2b4c2000 	/System/Library/PrivateFrameworks/AppleVA.framework/Versions/A/AppleVA
0x00007fff2d65c000 	/System/Library/Frameworks/ApplicationServices.framework/Versions/A/Frameworks/ATS.framework/Versions/A/ATS
0x00007fff2d96f000 	/System/Library/Frameworks/ApplicationServices.framework/Versions/A/Frameworks/ColorSyncLegacy.framework/Versions/A/ColorSyncLegacy
0x00007fff25779000 	/System/Library/Frameworks/ApplicationServices.framework/Versions/A/Frameworks/HIServices.framework/Versions/A/HIServices
0x00007fff2d954000 	/System/Library/Frameworks/ApplicationServices.framework/Versions/A/Frameworks/LangAnalysis.framework/Versions/A/LangAnalysis
0x00007fff2c24d000 	/System/Library/Frameworks/ApplicationServices.framework/Versions/A/Frameworks/PrintCore.framework/Versions/A/PrintCore
0x00007fff2d977000 	/System/Library/Frameworks/ApplicationServices.framework/Versions/A/Frameworks/QD.framework/Versions/A/QD
0x00007fff2d64c000 	/System/Library/Frameworks/ApplicationServices.framework/Versions/A/Frameworks/SpeechSynthesis.framework/Versions/A/SpeechSynthesis
0x00007fff2c20e000 	/System/Library/Frameworks/ApplicationServices.framework/Versions/A/Frameworks/ATSUI.framework/Versions/A/ATSUI
0x00007fff2d8f4000 	/usr/lib/libcups.2.dylib
0x00007fff2d964000 	/System/Library/PrivateFrameworks/NetAuth.framework/Versions/A/NetAuth
0x00007fff2dff3000 	/System/Library/Frameworks/Kerberos.framework/Versions/A/Kerberos
0x00007fff2e003000 	/System/Library/Frameworks/GSS.framework/Versions/A/GSS
0x00007fff2d6c9000 	/usr/lib/libresolv.9.dylib
0x00007fff2bb41000 	/System/Library/PrivateFrameworks/Heimdal.framework/Versions/A/Heimdal
0x00007fff33cdc000 	/System/Library/Frameworks/Kerberos.framework/Versions/A/Libraries/libHeimdalProxy.dylib
0x00007fff26353000 	/System/Library/Frameworks/Network.framework/Versions/A/Network
0x00007fff2b52f000 	/usr/lib/libheimdal-asn1.dylib
0x00007fff2e054000 	/System/Library/PrivateFrameworks/CommonAuth.framework/Versions/A/CommonAuth
0x00007fff27698000 	/System/Library/PrivateFrameworks/login.framework/Versions/A/Frameworks/loginsupport.framework/Versions/A/loginsupport
0x00007fff2d5d3000 	/System/Library/PrivateFrameworks/AudioSession.framework/Versions/A/AudioSession
0x00007fff2d639000 	/usr/lib/libAudioStatistics.dylib
0x00007fff2b5bb000 	/System/Library/PrivateFrameworks/MediaExperience.framework/Versions/A/MediaExperience
0x00007fff2d488000 	/System/Library/PrivateFrameworks/AudioSession.framework/libSessionUtility.dylib
0x00007fff2dfe4000 	/usr/lib/libperfcheck.dylib
0x00007fff2d983000 	/System/Library/PrivateFrameworks/AudioResourceArbitration.framework/Versions/A/AudioResourceArbitration
0x00007fff2b539000 	/System/Library/PrivateFrameworks/IconFoundation.framework/Versions/A/IconFoundation
0x00007fff30479000 	/System/Library/PrivateFrameworks/SpeechRecognitionCore.framework/Versions/A/SpeechRecognitionCore
0x000000010f800000 	/Users/dominik/Library/Java/JavaVirtualMachines/corretto-11.0.11/Contents/Home/lib/server/libjvm.dylib
0x000000010b004000 	/Users/dominik/Library/Java/JavaVirtualMachines/corretto-11.0.11/Contents/Home/lib/libverify.dylib
0x000000010b07e000 	/Users/dominik/Library/Java/JavaVirtualMachines/corretto-11.0.11/Contents/Home/lib/libjava.dylib
0x000000010b0e2000 	/Users/dominik/Library/Java/JavaVirtualMachines/corretto-11.0.11/Contents/Home/lib/libjimage.dylib
0x000000010b0fb000 	/Users/dominik/Library/Java/JavaVirtualMachines/corretto-11.0.11/Contents/Home/lib/libinstrument.dylib
0x000000010b160000 	/Users/dominik/Library/Java/JavaVirtualMachines/corretto-11.0.11/Contents/Home/lib/libzip.dylib
0x0000000132139000 	/Users/dominik/Library/Java/JavaVirtualMachines/corretto-11.0.11/Contents/Home/lib/libnio.dylib
0x0000000132164000 	/Users/dominik/Library/Java/JavaVirtualMachines/corretto-11.0.11/Contents/Home/lib/libnet.dylib
0x000000010b051000 	/Users/dominik/Library/Java/JavaVirtualMachines/corretto-11.0.11/Contents/Home/lib/libextnet.dylib
0x00000001321fc000 	/Users/dominik/Library/Java/JavaVirtualMachines/corretto-11.0.11/Contents/Home/lib/libawt.dylib
0x0000000132342000 	/Users/dominik/Library/Java/JavaVirtualMachines/corretto-11.0.11/Contents/Home/lib/libmlib_image.dylib
0x00007fff6f0e1000 	/System/Library/Frameworks/JavaNativeFoundation.framework/Versions/A/JavaNativeFoundation
0x00007fff6f0ed000 	/System/Library/Frameworks/JavaRuntimeSupport.framework/Versions/A/JavaRuntimeSupport
0x00007fff3d1f2000 	/System/Library/Frameworks/Carbon.framework/Versions/A/Carbon
0x00007fff32337000 	/System/Library/PrivateFrameworks/CoreSymbolication.framework/Versions/A/CoreSymbolication
0x00007fff36c4f000 	/System/Library/Frameworks/Carbon.framework/Versions/A/Frameworks/CommonPanels.framework/Versions/A/CommonPanels
0x00007fff33771000 	/System/Library/Frameworks/Carbon.framework/Versions/A/Frameworks/Help.framework/Versions/A/Help
0x00007fff36c53000 	/System/Library/Frameworks/Carbon.framework/Versions/A/Frameworks/ImageCapture.framework/Versions/A/ImageCapture
0x00007fff36c23000 	/System/Library/Frameworks/Carbon.framework/Versions/A/Frameworks/OpenScripting.framework/Versions/A/OpenScripting
0x00007fff36c4b000 	/System/Library/Frameworks/Carbon.framework/Versions/A/Frameworks/Ink.framework/Versions/A/Ink
0x00007fff3d1ee000 	/System/Library/Frameworks/Carbon.framework/Versions/A/Frameworks/Print.framework/Versions/A/Print
0x00007fff36c47000 	/System/Library/Frameworks/Carbon.framework/Versions/A/Frameworks/SecurityHI.framework/Versions/A/SecurityHI
0x00007fff322fb000 	/System/Library/PrivateFrameworks/DebugSymbols.framework/Versions/A/DebugSymbols
0x000000013240d000 	/Users/dominik/Library/Java/JavaVirtualMachines/corretto-11.0.11/Contents/Home/lib/libawt_lwawt.dylib
0x0000000132583000 	/Users/dominik/Library/Java/JavaVirtualMachines/corretto-11.0.11/Contents/Home/lib/libosxapp.dylib
0x00007fff3c80d000 	/System/Library/Frameworks/ExceptionHandling.framework/Versions/A/ExceptionHandling
0x0000000132659000 	/Users/dominik/Library/Java/JavaVirtualMachines/corretto-11.0.11/Contents/Home/lib/libfontmanager.dylib
0x000000013267c000 	/Users/dominik/Library/Java/JavaVirtualMachines/corretto-11.0.11/Contents/Home/lib/libharfbuzz.dylib
0x0000000132894000 	/Users/dominik/Library/Java/JavaVirtualMachines/corretto-11.0.11/Contents/Home/lib/libfreetype.dylib
0x00007fff22b1a000 	/System/Library/PrivateFrameworks/CoreServicesInternal.framework/Versions/A/CoreServicesInternal
0x00007fff317ff000 	/System/Library/Frameworks/FileProvider.framework/Versions/A/FileProvider
0x00007fff26171000 	/System/Library/Frameworks/Accounts.framework/Versions/A/Accounts
0x00007fff3194f000 	/System/Library/PrivateFrameworks/GenerationalStorage.framework/Versions/A/GenerationalStorage
0x00007fff3121f000 	/System/Library/PrivateFrameworks/SymptomDiagnosticReporter.framework/Versions/A/SymptomDiagnosticReporter
0x00007fff23c47000 	/System/Library/PrivateFrameworks/DesktopServicesPriv.framework/Versions/A/DesktopServicesPriv
0x00007fff22c4f000 	/usr/lib/libsandbox.1.dylib
0x00007fff276c3000 	/System/Library/PrivateFrameworks/UserManagement.framework/Versions/A/UserManagement
0x00007fff29f4a000 	/System/Library/PrivateFrameworks/MobileKeyBag.framework/Versions/A/MobileKeyBag
0x00007fff34d5c000 	/System/Library/PrivateFrameworks/ChunkingLibrary.framework/Versions/A/ChunkingLibrary
0x00007fff2ea19000 	/System/Library/PrivateFrameworks/Sharing.framework/Versions/A/Sharing
0x00007fff332de000 	/System/Library/PrivateFrameworks/Apple80211.framework/Versions/A/Apple80211
0x00007fff2a5f7000 	/System/Library/PrivateFrameworks/AuthKit.framework/Versions/A/AuthKit
0x00007fff29d48000 	/System/Library/PrivateFrameworks/CoreUtils.framework/Versions/A/CoreUtils
0x00007fff29c75000 	/System/Library/Frameworks/CoreWLAN.framework/Versions/A/CoreWLAN
0x00007fff2eb65000 	/System/Library/Frameworks/IOBluetooth.framework/Versions/A/IOBluetooth
0x00007fff33342000 	/System/Library/PrivateFrameworks/CoreWiFi.framework/Versions/A/CoreWiFi
0x00007fff2e0da000 	/System/Library/PrivateFrameworks/CorePhoneNumbers.framework/Versions/A/CorePhoneNumbers
0x00007fff31326000 	/System/Library/PrivateFrameworks/DiskManagement.framework/Versions/A/DiskManagement
0x00007fff3123c000 	/System/Library/PrivateFrameworks/AppleIDAuthSupport.framework/Versions/A/AppleIDAuthSupport
0x00007fff2e0ba000 	/System/Library/PrivateFrameworks/KeychainCircle.framework/Versions/A/KeychainCircle
0x00007fff312f2000 	/System/Library/PrivateFrameworks/MediaKit.framework/Versions/A/MediaKit
0x00007fff31249000 	/System/Library/Frameworks/DiscRecording.framework/Versions/A/DiscRecording
0x00007fff2b436000 	/usr/lib/libCoreStorage.dylib
0x00007fff3377d000 	/usr/lib/libcsfde.dylib
0x00007fff2eca0000 	/System/Library/PrivateFrameworks/ProtectedCloudStorage.framework/Versions/A/ProtectedCloudStorage
0x00007fff33775000 	/System/Library/PrivateFrameworks/EFILogin.framework/Versions/A/EFILogin
0x00007fff33d8f000 	/System/Library/Frameworks/AudioUnit.framework/Versions/A/AudioUnit
0x00007fff311b9000 	/System/Library/Frameworks/CoreBluetooth.framework/Versions/A/CoreBluetooth
0x00007fff2b42e000 	/usr/lib/libMatch.1.dylib
0x00007fff44052000 	/System/Library/CoreServices/RawCamera.bundle/Contents/MacOS/RawCamera
0x00007fff2e065000 	/System/Library/PrivateFrameworks/MobileAsset.framework/Versions/A/MobileAsset
0x00007fff33db3000 	/System/Library/PrivateFrameworks/StreamingZip.framework/Versions/A/StreamingZip
0x00007fff2c445000 	/System/Library/Frameworks/MediaToolbox.framework/Versions/A/MediaToolbox
0x00007fff317d1000 	/System/Library/PrivateFrameworks/CoreAVCHD.framework/Versions/A/CoreAVCHD
0x00007fff309b8000 	/System/Library/Frameworks/MediaAccessibility.framework/Versions/A/MediaAccessibility
0x00007fff317cd000 	/System/Library/PrivateFrameworks/Mangrove.framework/Versions/A/Mangrove
0x00007fff309c4000 	/System/Library/PrivateFrameworks/AlgosScoreFramework.framework/Versions/A/AlgosScoreFramework
0x00007fff32209000 	/System/Library/PrivateFrameworks/AppleVPA.framework/Versions/A/AppleVPA
0x00007fff31412000 	/System/Library/PrivateFrameworks/CoreAUC.framework/Versions/A/CoreAUC
0x00007fff41aa2000 	/System/Library/Frameworks/Accelerate.framework/Versions/A/Frameworks/vImage.framework/Versions/A/Libraries/libCGInterfaces.dylib
0x0000000134fd9000 	/usr/lib/libobjc-trampolines.dylib
0x00007fff273c6000 	/System/Library/PrivateFrameworks/ViewBridge.framework/Versions/A/ViewBridge
0x00007fff2bc02000 	/System/Library/PrivateFrameworks/login.framework/Versions/A/login
0x0000000137674000 	/Users/dominik/IdeaProjects/Games/native/liblwjgl.dylib
0x0000000135e2a000 	/Users/dominik/Library/Java/JavaVirtualMachines/corretto-11.0.11/Contents/Home/lib/libjawt.dylib
0x00007fff6c573000 	/System/Library/Frameworks/OpenGL.framework/Versions/A/Resources/GLEngine.bundle/GLEngine
0x00007fff6c3d4000 	/System/Library/Frameworks/OpenGL.framework/Versions/A/Libraries/libGLProgrammability.dylib
0x0000000137984000 	/System/Library/Extensions/AppleMetalOpenGLRenderer.bundle/Contents/MacOS/AppleMetalOpenGLRenderer
0x00007fff6c6f1000 	/System/Library/Frameworks/OpenGL.framework/Versions/A/Resources/GLRendererFloat.bundle/GLRendererFloat
0x0000000137afd000 	/System/Library/Extensions/AGXMetal13_3.bundle/Contents/MacOS/AGXMetal13_3
0x00007fff38dd8000 	/System/Library/PrivateFrameworks/IOGPU.framework/Versions/A/IOGPU
0x00007fff69ef0000 	/System/Library/PrivateFrameworks/GPUCompiler.framework/Versions/31001/Libraries/libmetal_timestamp.dylib


VM Arguments:
jvm_args: -Djava.library.path=/Users/dominik/IdeaProjects/Games/native -javaagent:/Applications/IntelliJ IDEA Edu.app/Contents/lib/idea_rt.jar=51247:/Applications/IntelliJ IDEA Edu.app/Contents/bin -Dfile.encoding=UTF-8 
java_command: at.domnik.games.firstgame.ObjectGame
java_class_path (initial): /Users/dominik/IdeaProjects/Games/out/production/Slick2DTemplate:/Users/dominik/IdeaProjects/Games/lib/jogg-0.0.7.jar:/Users/dominik/IdeaProjects/Games/lib/jnlp.jar:/Users/dominik/IdeaProjects/Games/lib/natives-mac.jar:/Users/dominik/IdeaProjects/Games/lib/ibxm.jar:/Users/dominik/IdeaProjects/Games/lib/slick.jar:/Users/dominik/IdeaProjects/Games/lib/lwjgl_util.jar:/Users/dominik/IdeaProjects/Games/lib/natives-windows.jar:/Users/dominik/IdeaProjects/Games/lib/tinylinepp.jar:/Users/dominik/IdeaProjects/Games/lib/slick-examples.jar:/Users/dominik/IdeaProjects/Games/lib/jinput.jar:/Users/dominik/IdeaProjects/Games/lib/lwjgl.jar:/Users/dominik/IdeaProjects/Games/lib/jorbis-0.0.15.jar:/Users/dominik/IdeaProjects/Games/lib/lwjgl_util_applet.jar:/Users/dominik/IdeaProjects/Games/lib/natives-linux.jar
Launcher Type: SUN_STANDARD

[Global flags]
     intx CICompilerCount                          = 4                                         {product} {ergonomic}
     uint ConcGCThreads                            = 2                                         {product} {ergonomic}
     uint G1ConcRefinementThreads                  = 8                                         {product} {ergonomic}
   size_t G1HeapRegionSize                         = 1048576                                   {product} {ergonomic}
    uintx GCDrainStackTargetSize                   = 64                                        {product} {ergonomic}
   size_t InitialHeapSize                          = 134217728                                 {product} {ergonomic}
   size_t MarkStackSize                            = 4194304                                   {product} {ergonomic}
   size_t MaxHeapSize                              = 2147483648                                {product} {ergonomic}
   size_t MaxNewSize                               = 1287651328                                {product} {ergonomic}
   size_t MinHeapDeltaBytes                        = 1048576                                   {product} {ergonomic}
    uintx NonNMethodCodeHeapSize                   = 5836300                                {pd product} {ergonomic}
    uintx NonProfiledCodeHeapSize                  = 122910970                              {pd product} {ergonomic}
    uintx ProfiledCodeHeapSize                     = 122910970                              {pd product} {ergonomic}
    uintx ReservedCodeCacheSize                    = 251658240                              {pd product} {ergonomic}
     bool SegmentedCodeCache                       = true                                      {product} {ergonomic}
     bool UseCompressedClassPointers               = true                                 {lp64_product} {ergonomic}
     bool UseCompressedOops                        = true                                 {lp64_product} {ergonomic}
     bool UseG1GC                                  = true                                      {product} {ergonomic}

Logging:
Log output configuration:
 #0: stdout all=warning uptime,level,tags
 #1: stderr all=off uptime,level,tags

Environment Variables:
PATH=/usr/local/bin:/usr/bin:/bin:/usr/sbin:/sbin:/Applications/Little Snitch.app/Contents/Components:/usr/local/share/dotnet:~/.dotnet/tools:/Library/Frameworks/Mono.framework/Versions/Current/Commands
SHELL=/bin/zsh
LC_CTYPE=de_AT.UTF-8

Signal Handlers:
SIGSEGV: [libjvm.dylib+0x7d868a], sa_mask[0]=11111111111111111111111111111111, sa_flags=SA_ONSTACK|SA_RESTART|SA_SIGINFO
SIGBUS: [libjvm.dylib+0x7d868a], sa_mask[0]=11111111111111111111111111111111, sa_flags=SA_RESTART|SA_SIGINFO
SIGFPE: [libjvm.dylib+0x7d868a], sa_mask[0]=11111111111111111111111111111111, sa_flags=SA_RESTART|SA_SIGINFO
SIGPIPE: [libjvm.dylib+0x62ff02], sa_mask[0]=11111111111111111111111111111111, sa_flags=SA_RESTART|SA_SIGINFO
SIGXFSZ: [libjvm.dylib+0x62ff02], sa_mask[0]=11111111111111111111111111111111, sa_flags=SA_RESTART|SA_SIGINFO
SIGILL: [libjvm.dylib+0x7d868a], sa_mask[0]=11111111111111111111111111111111, sa_flags=SA_RESTART|SA_SIGINFO
SIGUSR2: [libjvm.dylib+0x630500], sa_mask[0]=00100000000000000000000000000000, sa_flags=SA_RESTART|SA_SIGINFO
SIGHUP: [libjvm.dylib+0x62f03b], sa_mask[0]=11111111111111111111111111111111, sa_flags=SA_RESTART|SA_SIGINFO
SIGINT: [libjvm.dylib+0x62f03b], sa_mask[0]=11111111111111111111111111111111, sa_flags=SA_RESTART|SA_SIGINFO
SIGTERM: [libjvm.dylib+0x62f03b], sa_mask[0]=11111111111111111111111111111111, sa_flags=SA_RESTART|SA_SIGINFO
SIGQUIT: [libjvm.dylib+0x62f03b], sa_mask[0]=11111111111111111111111111111111, sa_flags=SA_RESTART|SA_SIGINFO


---------------  S Y S T E M  ---------------

OS:uname:Darwin 20.5.0 Darwin Kernel Version 20.5.0: Thu Apr 15 05:31:18 PDT 2021; root:xnu-7195.120.38.111.1~4/RELEASE_ARM64_T8101 x86_64
OS uptime: 6 days 2:30 hours
rlimit (soft/hard): STACK 8176k/65520k , CORE 0k/infinity , NPROC 1333/2000 , NOFILE 10240/infinity , AS infinity/infinity , CPU infinity/infinity , DATA infinity/infinity , FSIZE infinity/infinity , MEMLOCK infinity/infinity , RSS infinity/infinity
load average:2.64 2.76 2.44

CPU:total 8 (initial active 8) (1 cores per cpu, 1 threads per core) family 6 model 44 stepping 0 microcode 0x0, cmov, cx8, fxsr, mmx, sse, sse2, sse3, ssse3, sse4.1, sse4.2, popcnt, aes, clmul, tsc, tscinvbit, tscinv

Memory: 4k page, physical 8388608k(74972k free), swap 2097152k(1555712k free)

vm_info: OpenJDK 64-Bit Server VM (11.0.11+9-LTS) for bsd-amd64 JRE (11.0.11+9-LTS), built on Apr 16 2021 10:18:40 by "corretto" with gcc 4.2.1 Compatible Apple LLVM 8.0.0 (clang-800.0.42.1)

END.
