#
# A fatal error has been detected by the Java Runtime Environment:
#
#  SIGSEGV (0xb) at pc=0x0000000000000003, pid=19958, tid=259
#
# JRE version: OpenJDK Runtime Environment Corretto-11.0.11.9.1 (11.0.11+9) (build 11.0.11+9-LTS)
# Java VM: OpenJDK 64-Bit Server VM Corretto-11.0.11.9.1 (11.0.11+9-LTS, mixed mode, tiered, compressed oops, g1 gc, bsd-amd64)
# Problematic frame:
# C  0x0000000000000003
#
# No core dump will be written. Core dumps have been disabled. To enable core dumping, try "ulimit -c unlimited" before starting Java again
#
# If you would like to submit a bug report, please visit:
#   https://github.com/corretto/corretto-11/issues/
# The crash happened outside the Java Virtual Machine in native code.
# See problematic frame for where to report the bug.
#

---------------  S U M M A R Y ------------

Command Line: -Djava.library.path=/Users/dominik/IdeaProjects/Games/native -javaagent:/Applications/IntelliJ IDEA Edu.app/Contents/lib/idea_rt.jar=51141:/Applications/IntelliJ IDEA Edu.app/Contents/bin -Dfile.encoding=UTF-8 at.domnik.games.firstgame.ObjectGame

Host: MacBookPro17,1 x86_64 2400 MHz, 8 cores, 8G, Darwin 20.5.0
Time: Sat May  1 23:31:21 2021 CEST elapsed time: 1.004282 seconds (0d 0h 0m 1s)

---------------  T H R E A D  ---------------

Current thread (0x00007feafe16a800):  JavaThread "AppKit Thread" daemon [_thread_in_native, id=259, stack(0x000000030cb16000,0x000000030d316000)]

Stack: [0x000000030cb16000,0x000000030d316000],  sp=0x000000030d311d38,  free space=8175k
Native frames: (J=compiled Java code, A=aot compiled Java code, j=interpreted, Vv=VM code, C=native code)
C  0x0000000000000003
C  [CoreFoundation+0x8090d]  __CFRunLoopDoObservers+0x21f
C  [CoreFoundation+0x7fd94]  __CFRunLoopRun+0x34d
C  [CoreFoundation+0x7f380]  CFRunLoopRunSpecific+0x237
C  [HIToolbox+0x30aa3]  RunCurrentEventLoopInMode+0x124
C  [HIToolbox+0x306d6]  ReceiveNextEventCommon+0x11c
C  [HIToolbox+0x305a3]  _BlockUntilNextEventMatchingListInModeWithFilter+0x46
C  [AppKit+0x3e612]  _DPSNextEvent+0x360
C  [AppKit+0x3cde5]  -[NSApplication(NSEvent) _nextEventMatchingEventMask:untilDate:inMode:dequeue:]+0x554
C  [libosxapp.dylib+0x28c3]  -[NSApplicationAWT nextEventMatchingMask:untilDate:inMode:dequeue:]+0x7a
C  [AppKit+0x2f159]  -[NSApplication run]+0x24a
C  [libosxapp.dylib+0x2694]  +[NSApplicationAWT runAWTLoopWithApp:]+0xaf
C  [libawt_lwawt.dylib+0x39c19]  +[AWTStarter starter:headless:]+0x342
C  [JavaNativeFoundation+0x977f]  +[JNFRunLoop _performCopiedBlock:]+0xf
C  [Foundation+0x80121]  __NSThreadPerformPerform+0xcc
C  [CoreFoundation+0x816dc]  __CFRUNLOOP_IS_CALLING_OUT_TO_A_SOURCE0_PERFORM_FUNCTION__+0x11
C  [CoreFoundation+0x81644]  __CFRunLoopDoSource0+0xb4
C  [CoreFoundation+0x813ba]  __CFRunLoopDoSources0+0xf2
C  [CoreFoundation+0x7fdc8]  __CFRunLoopRun+0x381
C  [CoreFoundation+0x7f380]  CFRunLoopRunSpecific+0x237
C  [libjli.dylib+0x644d]  CreateExecutionEnvironment+0x191
C  [libjli.dylib+0x252c]  JLI_Launch+0x5e8
C  [java+0xa85]  main+0x185
C  [libdyld.dylib+0x15f3d]  start+0x1


siginfo: si_signo: 11 (SIGSEGV), si_code: 1 (SEGV_MAPERR), si_addr: 0x0000000000000003

Register to memory mapping:

RAX=0x00007feafc48ecf0 points into unknown readable memory: 0xf000000000000000 | 00 00 00 00 00 00 00 f0
RBX=0x00007feafc48ecf0 points into unknown readable memory: 0xf000000000000000 | 00 00 00 00 00 00 00 f0
RCX=0x0000000000000003 is an unknown value
RDX=0x0000000000000002 is an unknown value
RSP=0x000000030d311d38 is pointing into the stack for thread: 0x00007feafe16a800
RBP=0x000000030d311d40 is pointing into the stack for thread: 0x00007feafe16a800
RSI=0x00007feafc4988f0 points into unknown readable memory: 0x011dffff80200cf1 | f1 0c 20 80 ff ff 1d 01
RDI=0x00007feafc48ecf0 points into unknown readable memory: 0xf000000000000000 | 00 00 00 00 00 00 00 f0
R8 =0x00007feafc48ecf0 points into unknown readable memory: 0xf000000000000000 | 00 00 00 00 00 00 00 f0
R9 =0x0 is NULL
R10=0x0000000000000002 is an unknown value
R11=0x00007feafc498918 points into unknown readable memory: 0x0000000000000000 | 00 00 00 00 00 00 00 00
R12=0x00007fff205baf3a: _runLoopObserverWithBlockContext+0 in /System/Library/Frameworks/CoreFoundation.framework/Versions/A/CoreFoundation at 0x00007fff2053a000
R13=0x00007feafc4988f0 points into unknown readable memory: 0x011dffff80200cf1 | f1 0c 20 80 ff ff 1d 01
R14=0x0000000000000002 is an unknown value
R15=0x0 is NULL


Registers:
RAX=0x00007feafc48ecf0, RBX=0x00007feafc48ecf0, RCX=0x0000000000000003, RDX=0x0000000000000002
RSP=0x000000030d311d38, RBP=0x000000030d311d40, RSI=0x00007feafc4988f0, RDI=0x00007feafc48ecf0
R8 =0x00007feafc48ecf0, R9 =0x0000000000000000, R10=0x0000000000000002, R11=0x00007feafc498918
R12=0x00007fff205baf3a, R13=0x00007feafc4988f0, R14=0x0000000000000002, R15=0x0000000000000000
RIP=0x0000000000000003, EFLAGS=0x0000000000000206, ERR=0x0000000000000014
  TRAPNO=0x000000000000000e

Top of Stack: (sp=0x000000030d311d38)
0x000000030d311d38:   00007fff205baa7d 000000030d311e00
0x000000030d311d48:   00007fff205ba90d 00007feafc4988f0
0x000000030d311d58:   0000000000000020 00007fff802009a8
0x000000030d311d68:   00007fff205ba7a0 00007feafc4119f0
0x000000030d311d78:   0000000500002d8a 000000030d311d70
0x000000030d311d88:   000000030d311d50 00007feafc411b80
0x000000030d311d98:   00007feafc411a00 0000000000000000
0x000000030d311da8:   00007feafc411b70 00007feafc4119f0
0x000000030d311db8:   0000000000000001 0000000000000002
0x000000030d311dc8:   000000030d311d50 fabfc64d990000d7
0x000000030d311dd8:   0000000000000001 0000000000001503
0x000000030d311de8:   00005bbf004db5c6 00007feafc4119f0
0x000000030d311df8:   00007feafc411b70 000000030d312b40
0x000000030d311e08:   00007fff205b9d94 0000000000000000
0x000000030d311e18:   0000000000001603 00007feafc411c28
0x000000030d311e28:   00007fff807fdb70 41c31f0014c7b435
0x000000030d311e38:   0000000000002903 0000000000000000
0x000000030d311e48:   00007feafc411b80 00007feafc411a00
0x000000030d311e58:   0000000000000000 0000000000000000
0x000000030d311e68:   0000160300000000 0000000000001601
0x000000030d311e78:   0000000100000000 0000000000002903
0x000000030d311e88:   0000000000000000 0000000000000000
0x000000030d311e98:   ffffffffffffffff 0000000000000000
0x000000030d311ea8:   0000000000000000 0000000000000000
0x000000030d311eb8:   0000000000000000 0000000000000000
0x000000030d311ec8:   0000000000000000 0000000000000000
0x000000030d311ed8:   0000000000000000 0000000000000000
0x000000030d311ee8:   0000000000000000 0000000000000000
0x000000030d311ef8:   0000000000000000 0000000000000000
0x000000030d311f08:   0000000000000000 0000003000001100
0x000000030d311f18:   0000170300000000 0000000000000000
0x000000030d311f28:   0000000000000000 0000000000000000 

Instructions: (pc=0x0000000000000003)
0xffffffffffffff03:   


Stack slot to memory mapping:
stack at sp + 0 slots: 0x00007fff205baa7d: __CFRUNLOOP_IS_CALLING_OUT_TO_AN_OBSERVER_CALLBACK_FUNCTION__+0x17 in /System/Library/Frameworks/CoreFoundation.framework/Versions/A/CoreFoundation at 0x00007fff2053a000
stack at sp + 1 slots: 0x000000030d311e00 is pointing into the stack for thread: 0x00007feafe16a800
stack at sp + 2 slots: 0x00007fff205ba90d: __CFRunLoopDoObservers+0x21f in /System/Library/Frameworks/CoreFoundation.framework/Versions/A/CoreFoundation at 0x00007fff2053a000
stack at sp + 3 slots: 0x00007feafc4988f0 points into unknown readable memory: 0x011dffff80200cf1 | f1 0c 20 80 ff ff 1d 01
stack at sp + 4 slots: 0x0000000000000020 is an unknown value
stack at sp + 5 slots: 0x00007fff802009a8: OBJC_CLASS_$___NSCFArray+0 in /System/Library/Frameworks/CoreFoundation.framework/Versions/A/CoreFoundation at 0x00007fff2053a000
stack at sp + 6 slots: 0x00007fff205ba7a0: __CFRunLoopDoObservers+0xb2 in /System/Library/Frameworks/CoreFoundation.framework/Versions/A/CoreFoundation at 0x00007fff2053a000
stack at sp + 7 slots: 0x00007feafc4119f0 points into unknown readable memory: 0x011dffff80200cf1 | f1 0c 20 80 ff ff 1d 01


---------------  P R O C E S S  ---------------

Threads class SMR info:
_java_thread_list=0x00007feafc64b010, length=12, elements={
0x00007feafe014800, 0x00007feafd00b000, 0x00007feafd8cb800, 0x00007feafc83f800,
0x00007feafc845800, 0x00007feafc841800, 0x00007feafe00b800, 0x00007feafe00c800,
0x00007feafd873800, 0x00007feafd00e000, 0x00007feafe16a800, 0x00007feafd0e5800
}

Java Threads: ( => current thread )
  0x00007feafe014800 JavaThread "main" [_thread_in_vm, id=8963, stack(0x000000030d399000,0x000000030d499000)]
  0x00007feafd00b000 JavaThread "Reference Handler" daemon [_thread_blocked, id=17155, stack(0x000000030daae000,0x000000030dbae000)]
  0x00007feafd8cb800 JavaThread "Finalizer" daemon [_thread_blocked, id=21763, stack(0x000000030dbb1000,0x000000030dcb1000)]
  0x00007feafc83f800 JavaThread "Signal Dispatcher" daemon [_thread_blocked, id=41219, stack(0x000000030ddc3000,0x000000030dec3000)]
  0x00007feafc845800 JavaThread "Service Thread" daemon [_thread_blocked, id=23811, stack(0x000000030dec6000,0x000000030dfc6000)]
  0x00007feafc841800 JavaThread "C2 CompilerThread0" daemon [_thread_blocked, id=24323, stack(0x000000030dfc9000,0x000000030e0c9000)]
  0x00007feafe00b800 JavaThread "C1 CompilerThread0" daemon [_thread_blocked, id=40451, stack(0x000000030e0cc000,0x000000030e1cc000)]
  0x00007feafe00c800 JavaThread "Sweeper thread" daemon [_thread_blocked, id=25603, stack(0x000000030e1cf000,0x000000030e2cf000)]
  0x00007feafd873800 JavaThread "Common-Cleaner" daemon [_thread_blocked, id=26627, stack(0x000000030e2d2000,0x000000030e3d2000)]
  0x00007feafd00e000 JavaThread "Monitor Ctrl-Break" daemon [_thread_in_native, id=27395, stack(0x000000030e3d5000,0x000000030e4d5000)]
=>0x00007feafe16a800 JavaThread "AppKit Thread" daemon [_thread_in_native, id=259, stack(0x000000030cb16000,0x000000030d316000)]
  0x00007feafd0e5800 JavaThread "AWT-Shutdown" [_thread_blocked, id=85251, stack(0x000000030e5db000,0x000000030e6db000)]

Other Threads:
  0x00007feafd8c2000 VMThread "VM Thread" [stack: 0x000000030d9ab000,0x000000030daab000] [id=17923]
  0x00007feafe154800 WatcherThread [stack: 0x000000030e4d8000,0x000000030e5d8000] [id=27727]
  0x00007feafc819800 GCTaskThread "GC Thread#0" [stack: 0x000000030d49c000,0x000000030d59c000] [id=12803]
  0x00007feafc83a000 ConcurrentGCThread "G1 Main Marker" [stack: 0x000000030d59f000,0x000000030d69f000] [id=13059]
  0x00007feafd809000 ConcurrentGCThread "G1 Conc#0" [stack: 0x000000030d6a2000,0x000000030d7a2000] [id=14083]
  0x00007feafd86a000 ConcurrentGCThread "G1 Refine#0" [stack: 0x000000030d7a5000,0x000000030d8a5000] [id=18691]
  0x00007feafd86a800 ConcurrentGCThread "G1 Young RemSet Sampling" [stack: 0x000000030d8a8000,0x000000030d9a8000] [id=14339]

Threads with active compile tasks:

VM state:not at safepoint (normal execution)

VM Mutex/Monitor currently owned by a thread: None

Heap address: 0x0000000780000000, size: 2048 MB, Compressed Oops mode: Zero based, Oop shift amount: 3
Narrow klass base: 0x0000000800000000, Narrow klass shift: 0
Compressed class space size: 1073741824 Address: 0x0000000800000000

Heap:
 garbage-first heap   total 131072K, used 6144K [0x0000000780000000, 0x0000000800000000)
  region size 1024K, 8 young (8192K), 0 survivors (0K)
 Metaspace       used 10201K, capacity 10440K, committed 10752K, reserved 1058816K
  class space    used 935K, capacity 1007K, committed 1024K, reserved 1048576K
Heap Regions: E=young(eden), S=young(survivor), O=old, HS=humongous(starts), HC=humongous(continues), CS=collection set, F=free, A=archive, TAMS=top-at-mark-start (previous, next)
|   0|0x0000000780000000, 0x0000000780000000, 0x0000000780100000|  0%| F|  |TAMS 0x0000000780000000, 0x0000000780000000| Untracked 
|   1|0x0000000780100000, 0x0000000780100000, 0x0000000780200000|  0%| F|  |TAMS 0x0000000780100000, 0x0000000780100000| Untracked 
|   2|0x0000000780200000, 0x0000000780200000, 0x0000000780300000|  0%| F|  |TAMS 0x0000000780200000, 0x0000000780200000| Untracked 
|   3|0x0000000780300000, 0x0000000780300000, 0x0000000780400000|  0%| F|  |TAMS 0x0000000780300000, 0x0000000780300000| Untracked 
|   4|0x0000000780400000, 0x0000000780400000, 0x0000000780500000|  0%| F|  |TAMS 0x0000000780400000, 0x0000000780400000| Untracked 
|   5|0x0000000780500000, 0x0000000780500000, 0x0000000780600000|  0%| F|  |TAMS 0x0000000780500000, 0x0000000780500000| Untracked 
|   6|0x0000000780600000, 0x0000000780600000, 0x0000000780700000|  0%| F|  |TAMS 0x0000000780600000, 0x0000000780600000| Untracked 
|   7|0x0000000780700000, 0x0000000780700000, 0x0000000780800000|  0%| F|  |TAMS 0x0000000780700000, 0x0000000780700000| Untracked 
|   8|0x0000000780800000, 0x0000000780800000, 0x0000000780900000|  0%| F|  |TAMS 0x0000000780800000, 0x0000000780800000| Untracked 
|   9|0x0000000780900000, 0x0000000780900000, 0x0000000780a00000|  0%| F|  |TAMS 0x0000000780900000, 0x0000000780900000| Untracked 
|  10|0x0000000780a00000, 0x0000000780a00000, 0x0000000780b00000|  0%| F|  |TAMS 0x0000000780a00000, 0x0000000780a00000| Untracked 
|  11|0x0000000780b00000, 0x0000000780b00000, 0x0000000780c00000|  0%| F|  |TAMS 0x0000000780b00000, 0x0000000780b00000| Untracked 
|  12|0x0000000780c00000, 0x0000000780c00000, 0x0000000780d00000|  0%| F|  |TAMS 0x0000000780c00000, 0x0000000780c00000| Untracked 
|  13|0x0000000780d00000, 0x0000000780d00000, 0x0000000780e00000|  0%| F|  |TAMS 0x0000000780d00000, 0x0000000780d00000| Untracked 
|  14|0x0000000780e00000, 0x0000000780e00000, 0x0000000780f00000|  0%| F|  |TAMS 0x0000000780e00000, 0x0000000780e00000| Untracked 
|  15|0x0000000780f00000, 0x0000000780f00000, 0x0000000781000000|  0%| F|  |TAMS 0x0000000780f00000, 0x0000000780f00000| Untracked 
|  16|0x0000000781000000, 0x0000000781000000, 0x0000000781100000|  0%| F|  |TAMS 0x0000000781000000, 0x0000000781000000| Untracked 
|  17|0x0000000781100000, 0x0000000781100000, 0x0000000781200000|  0%| F|  |TAMS 0x0000000781100000, 0x0000000781100000| Untracked 
|  18|0x0000000781200000, 0x0000000781200000, 0x0000000781300000|  0%| F|  |TAMS 0x0000000781200000, 0x0000000781200000| Untracked 
|  19|0x0000000781300000, 0x0000000781300000, 0x0000000781400000|  0%| F|  |TAMS 0x0000000781300000, 0x0000000781300000| Untracked 
|  20|0x0000000781400000, 0x0000000781400000, 0x0000000781500000|  0%| F|  |TAMS 0x0000000781400000, 0x0000000781400000| Untracked 
|  21|0x0000000781500000, 0x0000000781500000, 0x0000000781600000|  0%| F|  |TAMS 0x0000000781500000, 0x0000000781500000| Untracked 
|  22|0x0000000781600000, 0x0000000781600000, 0x0000000781700000|  0%| F|  |TAMS 0x0000000781600000, 0x0000000781600000| Untracked 
|  23|0x0000000781700000, 0x0000000781700000, 0x0000000781800000|  0%| F|  |TAMS 0x0000000781700000, 0x0000000781700000| Untracked 
|  24|0x0000000781800000, 0x0000000781800000, 0x0000000781900000|  0%| F|  |TAMS 0x0000000781800000, 0x0000000781800000| Untracked 
|  25|0x0000000781900000, 0x0000000781900000, 0x0000000781a00000|  0%| F|  |TAMS 0x0000000781900000, 0x0000000781900000| Untracked 
|  26|0x0000000781a00000, 0x0000000781a00000, 0x0000000781b00000|  0%| F|  |TAMS 0x0000000781a00000, 0x0000000781a00000| Untracked 
|  27|0x0000000781b00000, 0x0000000781b00000, 0x0000000781c00000|  0%| F|  |TAMS 0x0000000781b00000, 0x0000000781b00000| Untracked 
|  28|0x0000000781c00000, 0x0000000781c00000, 0x0000000781d00000|  0%| F|  |TAMS 0x0000000781c00000, 0x0000000781c00000| Untracked 
|  29|0x0000000781d00000, 0x0000000781d00000, 0x0000000781e00000|  0%| F|  |TAMS 0x0000000781d00000, 0x0000000781d00000| Untracked 
|  30|0x0000000781e00000, 0x0000000781e00000, 0x0000000781f00000|  0%| F|  |TAMS 0x0000000781e00000, 0x0000000781e00000| Untracked 
|  31|0x0000000781f00000, 0x0000000781f00000, 0x0000000782000000|  0%| F|  |TAMS 0x0000000781f00000, 0x0000000781f00000| Untracked 
|  32|0x0000000782000000, 0x0000000782000000, 0x0000000782100000|  0%| F|  |TAMS 0x0000000782000000, 0x0000000782000000| Untracked 
|  33|0x0000000782100000, 0x0000000782100000, 0x0000000782200000|  0%| F|  |TAMS 0x0000000782100000, 0x0000000782100000| Untracked 
|  34|0x0000000782200000, 0x0000000782200000, 0x0000000782300000|  0%| F|  |TAMS 0x0000000782200000, 0x0000000782200000| Untracked 
|  35|0x0000000782300000, 0x0000000782300000, 0x0000000782400000|  0%| F|  |TAMS 0x0000000782300000, 0x0000000782300000| Untracked 
|  36|0x0000000782400000, 0x0000000782400000, 0x0000000782500000|  0%| F|  |TAMS 0x0000000782400000, 0x0000000782400000| Untracked 
|  37|0x0000000782500000, 0x0000000782500000, 0x0000000782600000|  0%| F|  |TAMS 0x0000000782500000, 0x0000000782500000| Untracked 
|  38|0x0000000782600000, 0x0000000782600000, 0x0000000782700000|  0%| F|  |TAMS 0x0000000782600000, 0x0000000782600000| Untracked 
|  39|0x0000000782700000, 0x0000000782700000, 0x0000000782800000|  0%| F|  |TAMS 0x0000000782700000, 0x0000000782700000| Untracked 
|  40|0x0000000782800000, 0x0000000782800000, 0x0000000782900000|  0%| F|  |TAMS 0x0000000782800000, 0x0000000782800000| Untracked 
|  41|0x0000000782900000, 0x0000000782900000, 0x0000000782a00000|  0%| F|  |TAMS 0x0000000782900000, 0x0000000782900000| Untracked 
|  42|0x0000000782a00000, 0x0000000782a00000, 0x0000000782b00000|  0%| F|  |TAMS 0x0000000782a00000, 0x0000000782a00000| Untracked 
|  43|0x0000000782b00000, 0x0000000782b00000, 0x0000000782c00000|  0%| F|  |TAMS 0x0000000782b00000, 0x0000000782b00000| Untracked 
|  44|0x0000000782c00000, 0x0000000782c00000, 0x0000000782d00000|  0%| F|  |TAMS 0x0000000782c00000, 0x0000000782c00000| Untracked 
|  45|0x0000000782d00000, 0x0000000782d00000, 0x0000000782e00000|  0%| F|  |TAMS 0x0000000782d00000, 0x0000000782d00000| Untracked 
|  46|0x0000000782e00000, 0x0000000782e00000, 0x0000000782f00000|  0%| F|  |TAMS 0x0000000782e00000, 0x0000000782e00000| Untracked 
|  47|0x0000000782f00000, 0x0000000782f00000, 0x0000000783000000|  0%| F|  |TAMS 0x0000000782f00000, 0x0000000782f00000| Untracked 
|  48|0x0000000783000000, 0x0000000783000000, 0x0000000783100000|  0%| F|  |TAMS 0x0000000783000000, 0x0000000783000000| Untracked 
|  49|0x0000000783100000, 0x0000000783100000, 0x0000000783200000|  0%| F|  |TAMS 0x0000000783100000, 0x0000000783100000| Untracked 
|  50|0x0000000783200000, 0x0000000783200000, 0x0000000783300000|  0%| F|  |TAMS 0x0000000783200000, 0x0000000783200000| Untracked 
|  51|0x0000000783300000, 0x0000000783300000, 0x0000000783400000|  0%| F|  |TAMS 0x0000000783300000, 0x0000000783300000| Untracked 
|  52|0x0000000783400000, 0x0000000783400000, 0x0000000783500000|  0%| F|  |TAMS 0x0000000783400000, 0x0000000783400000| Untracked 
|  53|0x0000000783500000, 0x0000000783500000, 0x0000000783600000|  0%| F|  |TAMS 0x0000000783500000, 0x0000000783500000| Untracked 
|  54|0x0000000783600000, 0x0000000783600000, 0x0000000783700000|  0%| F|  |TAMS 0x0000000783600000, 0x0000000783600000| Untracked 
|  55|0x0000000783700000, 0x0000000783700000, 0x0000000783800000|  0%| F|  |TAMS 0x0000000783700000, 0x0000000783700000| Untracked 
|  56|0x0000000783800000, 0x0000000783800000, 0x0000000783900000|  0%| F|  |TAMS 0x0000000783800000, 0x0000000783800000| Untracked 
|  57|0x0000000783900000, 0x0000000783900000, 0x0000000783a00000|  0%| F|  |TAMS 0x0000000783900000, 0x0000000783900000| Untracked 
|  58|0x0000000783a00000, 0x0000000783a00000, 0x0000000783b00000|  0%| F|  |TAMS 0x0000000783a00000, 0x0000000783a00000| Untracked 
|  59|0x0000000783b00000, 0x0000000783b00000, 0x0000000783c00000|  0%| F|  |TAMS 0x0000000783b00000, 0x0000000783b00000| Untracked 
|  60|0x0000000783c00000, 0x0000000783c00000, 0x0000000783d00000|  0%| F|  |TAMS 0x0000000783c00000, 0x0000000783c00000| Untracked 
|  61|0x0000000783d00000, 0x0000000783d00000, 0x0000000783e00000|  0%| F|  |TAMS 0x0000000783d00000, 0x0000000783d00000| Untracked 
|  62|0x0000000783e00000, 0x0000000783e00000, 0x0000000783f00000|  0%| F|  |TAMS 0x0000000783e00000, 0x0000000783e00000| Untracked 
|  63|0x0000000783f00000, 0x0000000783f00000, 0x0000000784000000|  0%| F|  |TAMS 0x0000000783f00000, 0x0000000783f00000| Untracked 
|  64|0x0000000784000000, 0x0000000784000000, 0x0000000784100000|  0%| F|  |TAMS 0x0000000784000000, 0x0000000784000000| Untracked 
|  65|0x0000000784100000, 0x0000000784100000, 0x0000000784200000|  0%| F|  |TAMS 0x0000000784100000, 0x0000000784100000| Untracked 
|  66|0x0000000784200000, 0x0000000784200000, 0x0000000784300000|  0%| F|  |TAMS 0x0000000784200000, 0x0000000784200000| Untracked 
|  67|0x0000000784300000, 0x0000000784300000, 0x0000000784400000|  0%| F|  |TAMS 0x0000000784300000, 0x0000000784300000| Untracked 
|  68|0x0000000784400000, 0x0000000784400000, 0x0000000784500000|  0%| F|  |TAMS 0x0000000784400000, 0x0000000784400000| Untracked 
|  69|0x0000000784500000, 0x0000000784500000, 0x0000000784600000|  0%| F|  |TAMS 0x0000000784500000, 0x0000000784500000| Untracked 
|  70|0x0000000784600000, 0x0000000784600000, 0x0000000784700000|  0%| F|  |TAMS 0x0000000784600000, 0x0000000784600000| Untracked 
|  71|0x0000000784700000, 0x0000000784700000, 0x0000000784800000|  0%| F|  |TAMS 0x0000000784700000, 0x0000000784700000| Untracked 
|  72|0x0000000784800000, 0x0000000784800000, 0x0000000784900000|  0%| F|  |TAMS 0x0000000784800000, 0x0000000784800000| Untracked 
|  73|0x0000000784900000, 0x0000000784900000, 0x0000000784a00000|  0%| F|  |TAMS 0x0000000784900000, 0x0000000784900000| Untracked 
|  74|0x0000000784a00000, 0x0000000784a00000, 0x0000000784b00000|  0%| F|  |TAMS 0x0000000784a00000, 0x0000000784a00000| Untracked 
|  75|0x0000000784b00000, 0x0000000784b00000, 0x0000000784c00000|  0%| F|  |TAMS 0x0000000784b00000, 0x0000000784b00000| Untracked 
|  76|0x0000000784c00000, 0x0000000784c00000, 0x0000000784d00000|  0%| F|  |TAMS 0x0000000784c00000, 0x0000000784c00000| Untracked 
|  77|0x0000000784d00000, 0x0000000784d00000, 0x0000000784e00000|  0%| F|  |TAMS 0x0000000784d00000, 0x0000000784d00000| Untracked 
|  78|0x0000000784e00000, 0x0000000784e00000, 0x0000000784f00000|  0%| F|  |TAMS 0x0000000784e00000, 0x0000000784e00000| Untracked 
|  79|0x0000000784f00000, 0x0000000784f00000, 0x0000000785000000|  0%| F|  |TAMS 0x0000000784f00000, 0x0000000784f00000| Untracked 
|  80|0x0000000785000000, 0x0000000785000000, 0x0000000785100000|  0%| F|  |TAMS 0x0000000785000000, 0x0000000785000000| Untracked 
|  81|0x0000000785100000, 0x0000000785100000, 0x0000000785200000|  0%| F|  |TAMS 0x0000000785100000, 0x0000000785100000| Untracked 
|  82|0x0000000785200000, 0x0000000785200000, 0x0000000785300000|  0%| F|  |TAMS 0x0000000785200000, 0x0000000785200000| Untracked 
|  83|0x0000000785300000, 0x0000000785300000, 0x0000000785400000|  0%| F|  |TAMS 0x0000000785300000, 0x0000000785300000| Untracked 
|  84|0x0000000785400000, 0x0000000785400000, 0x0000000785500000|  0%| F|  |TAMS 0x0000000785400000, 0x0000000785400000| Untracked 
|  85|0x0000000785500000, 0x0000000785500000, 0x0000000785600000|  0%| F|  |TAMS 0x0000000785500000, 0x0000000785500000| Untracked 
|  86|0x0000000785600000, 0x0000000785600000, 0x0000000785700000|  0%| F|  |TAMS 0x0000000785600000, 0x0000000785600000| Untracked 
|  87|0x0000000785700000, 0x0000000785700000, 0x0000000785800000|  0%| F|  |TAMS 0x0000000785700000, 0x0000000785700000| Untracked 
|  88|0x0000000785800000, 0x0000000785800000, 0x0000000785900000|  0%| F|  |TAMS 0x0000000785800000, 0x0000000785800000| Untracked 
|  89|0x0000000785900000, 0x0000000785900000, 0x0000000785a00000|  0%| F|  |TAMS 0x0000000785900000, 0x0000000785900000| Untracked 
|  90|0x0000000785a00000, 0x0000000785a00000, 0x0000000785b00000|  0%| F|  |TAMS 0x0000000785a00000, 0x0000000785a00000| Untracked 
|  91|0x0000000785b00000, 0x0000000785b00000, 0x0000000785c00000|  0%| F|  |TAMS 0x0000000785b00000, 0x0000000785b00000| Untracked 
|  92|0x0000000785c00000, 0x0000000785c00000, 0x0000000785d00000|  0%| F|  |TAMS 0x0000000785c00000, 0x0000000785c00000| Untracked 
|  93|0x0000000785d00000, 0x0000000785d00000, 0x0000000785e00000|  0%| F|  |TAMS 0x0000000785d00000, 0x0000000785d00000| Untracked 
|  94|0x0000000785e00000, 0x0000000785e00000, 0x0000000785f00000|  0%| F|  |TAMS 0x0000000785e00000, 0x0000000785e00000| Untracked 
|  95|0x0000000785f00000, 0x0000000785f00000, 0x0000000786000000|  0%| F|  |TAMS 0x0000000785f00000, 0x0000000785f00000| Untracked 
|  96|0x0000000786000000, 0x0000000786000000, 0x0000000786100000|  0%| F|  |TAMS 0x0000000786000000, 0x0000000786000000| Untracked 
|  97|0x0000000786100000, 0x0000000786100000, 0x0000000786200000|  0%| F|  |TAMS 0x0000000786100000, 0x0000000786100000| Untracked 
|  98|0x0000000786200000, 0x0000000786200000, 0x0000000786300000|  0%| F|  |TAMS 0x0000000786200000, 0x0000000786200000| Untracked 
|  99|0x0000000786300000, 0x0000000786300000, 0x0000000786400000|  0%| F|  |TAMS 0x0000000786300000, 0x0000000786300000| Untracked 
| 100|0x0000000786400000, 0x0000000786400000, 0x0000000786500000|  0%| F|  |TAMS 0x0000000786400000, 0x0000000786400000| Untracked 
| 101|0x0000000786500000, 0x0000000786500000, 0x0000000786600000|  0%| F|  |TAMS 0x0000000786500000, 0x0000000786500000| Untracked 
| 102|0x0000000786600000, 0x0000000786600000, 0x0000000786700000|  0%| F|  |TAMS 0x0000000786600000, 0x0000000786600000| Untracked 
| 103|0x0000000786700000, 0x0000000786700000, 0x0000000786800000|  0%| F|  |TAMS 0x0000000786700000, 0x0000000786700000| Untracked 
| 104|0x0000000786800000, 0x0000000786800000, 0x0000000786900000|  0%| F|  |TAMS 0x0000000786800000, 0x0000000786800000| Untracked 
| 105|0x0000000786900000, 0x0000000786900000, 0x0000000786a00000|  0%| F|  |TAMS 0x0000000786900000, 0x0000000786900000| Untracked 
| 106|0x0000000786a00000, 0x0000000786a00000, 0x0000000786b00000|  0%| F|  |TAMS 0x0000000786a00000, 0x0000000786a00000| Untracked 
| 107|0x0000000786b00000, 0x0000000786b00000, 0x0000000786c00000|  0%| F|  |TAMS 0x0000000786b00000, 0x0000000786b00000| Untracked 
| 108|0x0000000786c00000, 0x0000000786c00000, 0x0000000786d00000|  0%| F|  |TAMS 0x0000000786c00000, 0x0000000786c00000| Untracked 
| 109|0x0000000786d00000, 0x0000000786d00000, 0x0000000786e00000|  0%| F|  |TAMS 0x0000000786d00000, 0x0000000786d00000| Untracked 
| 110|0x0000000786e00000, 0x0000000786e00000, 0x0000000786f00000|  0%| F|  |TAMS 0x0000000786e00000, 0x0000000786e00000| Untracked 
| 111|0x0000000786f00000, 0x0000000786f00000, 0x0000000787000000|  0%| F|  |TAMS 0x0000000786f00000, 0x0000000786f00000| Untracked 
| 112|0x0000000787000000, 0x0000000787000000, 0x0000000787100000|  0%| F|  |TAMS 0x0000000787000000, 0x0000000787000000| Untracked 
| 113|0x0000000787100000, 0x0000000787100000, 0x0000000787200000|  0%| F|  |TAMS 0x0000000787100000, 0x0000000787100000| Untracked 
| 114|0x0000000787200000, 0x0000000787200000, 0x0000000787300000|  0%| F|  |TAMS 0x0000000787200000, 0x0000000787200000| Untracked 
| 115|0x0000000787300000, 0x0000000787300000, 0x0000000787400000|  0%| F|  |TAMS 0x0000000787300000, 0x0000000787300000| Untracked 
| 116|0x0000000787400000, 0x0000000787400000, 0x0000000787500000|  0%| F|  |TAMS 0x0000000787400000, 0x0000000787400000| Untracked 
| 117|0x0000000787500000, 0x0000000787500000, 0x0000000787600000|  0%| F|  |TAMS 0x0000000787500000, 0x0000000787500000| Untracked 
| 118|0x0000000787600000, 0x0000000787600000, 0x0000000787700000|  0%| F|  |TAMS 0x0000000787600000, 0x0000000787600000| Untracked 
| 119|0x0000000787700000, 0x0000000787700000, 0x0000000787800000|  0%| F|  |TAMS 0x0000000787700000, 0x0000000787700000| Untracked 
| 120|0x0000000787800000, 0x00000007878adb10, 0x0000000787900000| 67%| E|  |TAMS 0x0000000787800000, 0x0000000787800000| Complete 
| 121|0x0000000787900000, 0x0000000787a00000, 0x0000000787a00000|100%| E|CS|TAMS 0x0000000787900000, 0x0000000787900000| Complete 
| 122|0x0000000787a00000, 0x0000000787b00000, 0x0000000787b00000|100%| E|CS|TAMS 0x0000000787a00000, 0x0000000787a00000| Complete 
| 123|0x0000000787b00000, 0x0000000787c00000, 0x0000000787c00000|100%| E|CS|TAMS 0x0000000787b00000, 0x0000000787b00000| Complete 
| 124|0x0000000787c00000, 0x0000000787d00000, 0x0000000787d00000|100%| E|CS|TAMS 0x0000000787c00000, 0x0000000787c00000| Complete 
| 125|0x0000000787d00000, 0x0000000787e00000, 0x0000000787e00000|100%| E|CS|TAMS 0x0000000787d00000, 0x0000000787d00000| Complete 
| 126|0x0000000787e00000, 0x0000000787f00000, 0x0000000787f00000|100%| E|  |TAMS 0x0000000787e00000, 0x0000000787e00000| Complete 
| 127|0x0000000787f00000, 0x0000000788000000, 0x0000000788000000|100%| E|CS|TAMS 0x0000000787f00000, 0x0000000787f00000| Complete 

Card table byte_map: [0x000000012acb0000,0x000000012b0b0000] _byte_map_base: 0x00000001270b0000

Marking Bits (Prev, Next): (CMBitMap*) 0x00007feafc831818, (CMBitMap*) 0x00007feafc831850
 Prev Bits: [0x000000012b4b0000, 0x000000012d4b0000)
 Next Bits: [0x000000012d4b0000, 0x000000012f4b0000)

Polling page: 0x0000000104779000

Metaspace:

Usage:
  Non-class:      9.21 MB capacity,     9.05 MB ( 98%) used,   152.24 KB (  2%) free+waste,    15.69 KB ( <1%) overhead. 
      Class:   1007.00 KB capacity,   935.98 KB ( 93%) used,    63.58 KB (  6%) free+waste,     7.44 KB ( <1%) overhead. 
       Both:     10.20 MB capacity,     9.96 MB ( 98%) used,   215.82 KB (  2%) free+waste,    23.12 KB ( <1%) overhead. 

Virtual space:
  Non-class space:       10.00 MB reserved,       9.50 MB ( 95%) committed 
      Class space:        1.00 GB reserved,       1.00 MB ( <1%) committed 
             Both:        1.01 GB reserved,      10.50 MB (  1%) committed 

Chunk freelists:
   Non-Class:  59.00 KB
       Class:  17.00 KB
        Both:  76.00 KB

MaxMetaspaceSize: unlimited
CompressedClassSpaceSize: 1.00 GB

CodeHeap 'non-profiled nmethods': size=120032Kb used=171Kb max_used=171Kb free=119860Kb
 bounds [0x0000000123378000, 0x00000001235e8000, 0x000000012a8b0000]
CodeHeap 'profiled nmethods': size=120028Kb used=1060Kb max_used=1060Kb free=118967Kb
 bounds [0x000000011be41000, 0x000000011c0b1000, 0x0000000123378000]
CodeHeap 'non-nmethods': size=5700Kb used=1068Kb max_used=1080Kb free=4632Kb
 bounds [0x000000011b8b0000, 0x000000011bb20000, 0x000000011be41000]
 total_blobs=1051 nmethods=667 adapters=298
 compilation: enabled
              stopped_count=0, restarted_count=0
 full_count=0

Compilation events (20 events):
Event: 0.962 Thread 0x00007feafe00b800  659       3       java.lang.Integer::valueOf (32 bytes)
Event: 0.963 Thread 0x00007feafe00b800 nmethod 659 0x000000011bf46110 code [0x000000011bf462e0, 0x000000011bf465f0]
Event: 0.963 Thread 0x00007feafe00b800  661       3       java.lang.reflect.Field::setFieldAccessor (34 bytes)
Event: 0.963 Thread 0x00007feafe00b800 nmethod 661 0x000000011bf46790 code [0x000000011bf46980, 0x000000011bf46dc0]
Event: 0.963 Thread 0x00007feafe00b800  660       1       java.lang.reflect.Field::getRoot (5 bytes)
Event: 0.963 Thread 0x00007feafe00b800 nmethod 660 0x00000001233a2410 code [0x00000001233a25c0, 0x00000001233a2670]
Event: 0.964 Thread 0x00007feafc841800  662       4       java.lang.System::getSecurityManager (4 bytes)
Event: 0.964 Thread 0x00007feafc841800 nmethod 662 0x00000001233a2710 code [0x00000001233a28a0, 0x00000001233a28f8]
Event: 0.965 Thread 0x00007feafe00b800  663       3       java.lang.Short::<init> (10 bytes)
Event: 0.965 Thread 0x00007feafe00b800 nmethod 663 0x000000011bf46e90 code [0x000000011bf47040, 0x000000011bf471f0]
Event: 0.966 Thread 0x00007feafe00b800  664       3       java.nio.Buffer::remaining (20 bytes)
Event: 0.966 Thread 0x00007feafe00b800 nmethod 664 0x000000011bf47310 code [0x000000011bf474c0, 0x000000011bf47610]
Event: 0.966 Thread 0x00007feafe00b800  665       3       java.nio.ByteBuffer::<init> (45 bytes)
Event: 0.966 Thread 0x00007feafe00b800 nmethod 665 0x000000011bf47690 code [0x000000011bf47860, 0x000000011bf47a80]
Event: 0.968 Thread 0x00007feafe00b800  666       3       sun.net.util.IPAddressUtil::checkHostString (53 bytes)
Event: 0.969 Thread 0x00007feafe00b800 nmethod 666 0x000000011bf47b90 code [0x000000011bf47e60, 0x000000011bf48b60]
Event: 0.969 Thread 0x00007feafe00b800  667       3       sun.net.util.IPAddressUtil::scan (92 bytes)
Event: 0.971 Thread 0x00007feafe00b800 nmethod 667 0x000000011bf49010 code [0x000000011bf49280, 0x000000011bf49d90]
Event: 0.972 Thread 0x00007feafc841800  668       4       java.lang.String::startsWith (138 bytes)
Event: 0.978 Thread 0x00007feafc841800 nmethod 668 0x00000001233a2990 code [0x00000001233a2b20, 0x00000001233a2d78]

GC Heap History (0 events):
No events

Deoptimization events (2 events):
Event: 0.817 Thread 0x00007feafe014800 DEOPT PACKING pc=0x000000011be86884 sp=0x000000030d497d40
Event: 0.817 Thread 0x00007feafe014800 DEOPT UNPACKING pc=0x000000011b8d59ab sp=0x000000030d4971b8 mode 0

Classes redefined (0 events):
No events

Internal exceptions (11 events):
Event: 0.363 Thread 0x00007feafe014800 Exception <a 'java/lang/ClassNotFoundException'{0x0000000787c59f78}: sun/awt/resources/spi/awtProvider> (0x0000000787c59f78) thrown at [./src/hotspot/share/classfile/systemDictionary.cpp, line 231]
Event: 0.439 Thread 0x00007feafe014800 Exception <a 'java/io/FileNotFoundException'{0x0000000787cf0f98}> (0x0000000787cf0f98) thrown at [./src/hotspot/share/prims/jni.cpp, line 615]
Event: 0.465 Thread 0x00007feafe014800 Exception <a 'java/lang/NoSuchMethodError'{0x0000000787b4c548}: 'java.lang.Object java.lang.invoke.DirectMethodHandle$Holder.invokeStatic(java.lang.Object, java.lang.Object, java.lang.Object, java.lang.Object, java.lang.Object, java.lang.Object, java.lang.Object, java.lang.Object, java.lang.Object, java.lang.Object, java.lang.Object, java.lang.Object, java.lang.Object, java.lang.Object, java.lang.Object)'> (0x0000000787b4c548) thrown at [./src/hotspot/share/interpreter/linkResolver.cpp, line 773]
Event: 0.470 Thread 0x00007feafe014800 Exception <a 'java/lang/NoSuchMethodError'{0x0000000787b5a2b8}: 'java.lang.Object java.lang.invoke.DirectMethodHandle$Holder.invokeStatic(java.lang.Object, java.lang.Object, java.lang.Object, java.lang.Object, java.lang.Object, java.lang.Object, java.lang.Object, java.lang.Object, java.lang.Object, java.lang.Object, java.lang.Object, java.lang.Object, java.lang.Object, java.lang.Object, java.lang.Object, java.lang.Object)'> (0x0000000787b5a2b8) thrown at [./src/hotspot/share/interpreter/linkResolver.cpp, l
Event: 0.471 Thread 0x00007feafe014800 Exception <a 'java/lang/NoSuchMethodError'{0x0000000787b67f28}: 'java.lang.Object java.lang.invoke.DirectMethodHandle$Holder.invokeSpecial(java.lang.Object, java.lang.Object, int, int, java.lang.Object, java.lang.Object, java.lang.Object)'> (0x0000000787b67f28) thrown at [./src/hotspot/share/interpreter/linkResolver.cpp, line 773]
Event: 0.472 Thread 0x00007feafe014800 Exception <a 'java/lang/NoSuchMethodError'{0x0000000787b6b4b8}: 'java.lang.Object java.lang.invoke.DelegatingMethodHandle$Holder.reinvoke_L(java.lang.Object, int, int, java.lang.Object, java.lang.Object, java.lang.Object)'> (0x0000000787b6b4b8) thrown at [./src/hotspot/share/interpreter/linkResolver.cpp, line 773]
Event: 0.475 Thread 0x00007feafe014800 Exception <a 'java/lang/NoSuchMethodError'{0x0000000787b6f840}: 'java.lang.Object java.lang.invoke.DirectMethodHandle$Holder.invokeStatic(java.lang.Object, java.lang.Object, java.lang.Object, java.lang.Object, int)'> (0x0000000787b6f840) thrown at [./src/hotspot/share/interpreter/linkResolver.cpp, line 773]
Event: 0.495 Thread 0x00007feafe014800 Exception <a 'java/io/FileNotFoundException'{0x0000000787bd23d8}> (0x0000000787bd23d8) thrown at [./src/hotspot/share/prims/jni.cpp, line 615]
Event: 0.498 Thread 0x00007feafe014800 Exception <a 'java/lang/ClassNotFoundException'{0x0000000787bd42e8}: sun/awt/resources/spi/awtosxProvider> (0x0000000787bd42e8) thrown at [./src/hotspot/share/classfile/systemDictionary.cpp, line 231]
Event: 0.529 Thread 0x00007feafe014800 Exception <a 'java/lang/NoSuchMethodError'{0x0000000787a18cf0}: 'java.lang.Object java.lang.invoke.DirectMethodHandle$Holder.invokeStatic(java.lang.Object, java.lang.Object, java.lang.Object, java.lang.Object, java.lang.Object, java.lang.Object, java.lang.Object, java.lang.Object, int)'> (0x0000000787a18cf0) thrown at [./src/hotspot/share/interpreter/linkResolver.cpp, line 773]
Event: 0.534 Thread 0x00007feafe014800 Exception <a 'java/lang/NoSuchMethodError'{0x0000000787a32dd0}: 'java.lang.Object java.lang.invoke.DirectMethodHandle$Holder.invokeStatic(java.lang.Object, java.lang.Object, java.lang.Object, java.lang.Object, java.lang.Object, java.lang.Object, java.lang.Object, java.lang.Object, int, int)'> (0x0000000787a32dd0) thrown at [./src/hotspot/share/interpreter/linkResolver.cpp, line 773]

Events (20 events):
Event: 0.963 loading class org/lwjgl/input/Keyboard$KeyEvent
Event: 0.963 loading class org/lwjgl/input/Keyboard$KeyEvent done
Event: 0.964 loading class org/lwjgl/opengl/MacOSXNativeKeyboard
Event: 0.964 loading class org/lwjgl/opengl/MacOSXNativeKeyboard done
Event: 0.965 loading class java/lang/Short$ShortCache
Event: 0.965 loading class java/lang/Short$ShortCache done
Event: 0.966 loading class org/lwjgl/opengl/ContextGL
Event: 0.966 loading class org/lwjgl/opengl/ContextGL done
Event: 0.967 loading class org/lwjgl/opengl/ContextImplementation
Event: 0.967 loading class org/lwjgl/opengl/ContextImplementation done
Event: 0.968 loading class org/lwjgl/opengl/MacOSXContextImplementation
Event: 0.968 loading class org/lwjgl/opengl/MacOSXContextImplementation done
Event: 0.971 loading class org/lwjgl/opengl/GLContext
Event: 0.971 loading class org/lwjgl/opengl/GLContext done
Event: 0.973 loading class java/lang/NumberFormatException
Event: 0.973 loading class java/lang/NumberFormatException done
Event: 0.973 loading class org/lwjgl/opengl/GLContext$CapabilitiesCacheEntry
Event: 0.973 loading class org/lwjgl/opengl/GLContext$CapabilitiesCacheEntry done
Event: 0.980 loading class org/lwjgl/opengl/ContextCapabilities
Event: 0.980 loading class org/lwjgl/opengl/ContextCapabilities done


Dynamic libraries:
0x00007ffdffce4000 	/Library/Apple/usr/libexec/oah/runtime
0x00007fff357b4000 	/System/Library/Frameworks/Cocoa.framework/Versions/A/Cocoa
0x00007fff2226f000 	/System/Library/Frameworks/Security.framework/Versions/A/Security
0x00007fff339c7000 	/System/Library/Frameworks/ApplicationServices.framework/Versions/A/ApplicationServices
0x00007fff2a7c5000 	/usr/lib/libz.1.dylib
0x000000010ca22000 	/Users/dominik/Library/Java/JavaVirtualMachines/corretto-11.0.11/Contents/Home/lib/jli/libjli.dylib
0x00007fff2a891000 	/usr/lib/libSystem.B.dylib
0x00007fff22c9d000 	/System/Library/Frameworks/AppKit.framework/Versions/C/AppKit
0x00007fff25b7b000 	/System/Library/Frameworks/CoreData.framework/Versions/A/CoreData
0x00007fff21210000 	/System/Library/Frameworks/Foundation.framework/Versions/C/Foundation
0x00007fff239e5000 	/System/Library/PrivateFrameworks/UIFoundation.framework/Versions/A/UIFoundation
0x00007fff30451000 	/System/Library/PrivateFrameworks/RemoteViewServices.framework/Versions/A/RemoteViewServices
0x00007fff28dc0000 	/System/Library/PrivateFrameworks/XCTTargetBootstrap.framework/Versions/A/XCTTargetBootstrap
0x00007fff2bb3e000 	/usr/lib/libspindump.dylib
0x00007fff23c34000 	/System/Library/Frameworks/UniformTypeIdentifiers.framework/Versions/A/UniformTypeIdentifiers
0x00007fff2751c000 	/usr/lib/libapp_launch_measurement.dylib
0x00007fff2751f000 	/System/Library/PrivateFrameworks/CoreAutoLayout.framework/Versions/A/CoreAutoLayout
0x00007fff2867f000 	/System/Library/Frameworks/Metal.framework/Versions/A/Metal
0x00007fff29420000 	/usr/lib/liblangid.dylib
0x00007fff28dc4000 	/System/Library/PrivateFrameworks/CoreSVG.framework/Versions/A/CoreSVG
0x00007fff24c6c000 	/System/Library/PrivateFrameworks/SkyLight.framework/Versions/A/SkyLight
0x00007fff24fd0000 	/System/Library/Frameworks/CoreGraphics.framework/Versions/A/CoreGraphics
0x00007fff30977000 	/System/Library/Frameworks/Accelerate.framework/Versions/A/Accelerate
0x00007fff2b54e000 	/System/Library/PrivateFrameworks/IconServices.framework/Versions/A/IconServices
0x00007fff28663000 	/System/Library/Frameworks/IOSurface.framework/Versions/A/IOSurface
0x00007fff26508000 	/usr/lib/libDiagnosticMessagesClient.dylib
0x00007fff28dac000 	/System/Library/PrivateFrameworks/DFRFoundation.framework/Versions/A/DFRFoundation
0x00007fff225c4000 	/usr/lib/libicucore.A.dylib
0x00007fff2d4ba000 	/System/Library/Frameworks/AudioToolbox.framework/Versions/A/AudioToolbox
0x00007fff2c36c000 	/System/Library/PrivateFrameworks/DataDetectorsCore.framework/Versions/A/DataDetectorsCore
0x00007fff24be0000 	/usr/lib/libMobileGestalt.dylib
0x00007fff28ab0000 	/System/Library/Frameworks/Carbon.framework/Versions/A/Frameworks/HIToolbox.framework/Versions/A/HIToolbox
0x00007fff26f66000 	/System/Library/Frameworks/QuartzCore.framework/Versions/A/QuartzCore
0x00007fff30489000 	/System/Library/Frameworks/Carbon.framework/Versions/A/Frameworks/SpeechRecognition.framework/Versions/A/SpeechRecognition
0x00007fff27285000 	/System/Library/PrivateFrameworks/CoreUI.framework/Versions/A/CoreUI
0x00007fff21bde000 	/System/Library/Frameworks/CoreAudio.framework/Versions/A/CoreAudio
0x00007fff265f3000 	/System/Library/Frameworks/DiskArbitration.framework/Versions/A/DiskArbitration
0x00007fff2bf0b000 	/System/Library/PrivateFrameworks/MultitouchSupport.framework/Versions/A/MultitouchSupport
0x00007fff2c363000 	/System/Library/PrivateFrameworks/InternationalSupport.framework/Versions/A/InternationalSupport
0x00007fff24bdf000 	/usr/lib/libenergytrace.dylib
0x00007fff22b94000 	/System/Library/Frameworks/IOKit.framework/Versions/A/IOKit
0x00007fff307bc000 	/System/Library/Frameworks/CoreServices.framework/Versions/A/CoreServices
0x00007fff274b2000 	/System/Library/PrivateFrameworks/PerformanceAnalysis.framework/Versions/A/PerformanceAnalysis
0x00007fff6c347000 	/System/Library/Frameworks/OpenGL.framework/Versions/A/OpenGL
0x00007fff2c3e7000 	/System/Library/PrivateFrameworks/UserActivity.framework/Versions/A/UserActivity
0x00007fff2035a000 	/usr/lib/libobjc.A.dylib
0x00007fff25682000 	/System/Library/Frameworks/ColorSync.framework/Versions/A/ColorSync
0x00007fff2053a000 	/System/Library/Frameworks/CoreFoundation.framework/Versions/A/CoreFoundation
0x00007fff2902e000 	/System/Library/Frameworks/CoreImage.framework/Versions/A/CoreImage
0x00007fff219f9000 	/System/Library/Frameworks/CoreText.framework/Versions/A/CoreText
0x00007fff28dee000 	/System/Library/Frameworks/ImageIO.framework/Versions/A/ImageIO
0x00007fff2a897000 	/System/Library/PrivateFrameworks/SoftLinking.framework/Versions/A/SoftLinking
0x00007fff27567000 	/usr/lib/libxml2.2.dylib
0x00007fff20420000 	/usr/lib/libc++.1.dylib
0x00007fff2ab04000 	/usr/lib/libcompression.dylib
0x00007fff2c295000 	/System/Library/PrivateFrameworks/TextureIO.framework/Versions/A/TextureIO
0x00007fff2b1f3000 	/usr/lib/libate.dylib
0x00007fff2a88b000 	/usr/lib/system/libcache.dylib
0x00007fff2a847000 	/usr/lib/system/libcommonCrypto.dylib
0x00007fff2a871000 	/usr/lib/system/libcompiler_rt.dylib
0x00007fff2a866000 	/usr/lib/system/libcopyfile.dylib
0x00007fff2024a000 	/usr/lib/system/libcorecrypto.dylib
0x00007fff20315000 	/usr/lib/system/libdispatch.dylib
0x00007fff204c8000 	/usr/lib/system/libdyld.dylib
0x00007fff2a882000 	/usr/lib/system/libkeymgr.dylib
0x00007fff2e237000 	/usr/lib/system/liblaunch.dylib
0x00007fff2a825000 	/usr/lib/system/libmacho.dylib
0x00007fff2a019000 	/usr/lib/system/libquarantine.dylib
0x00007fff2a87f000 	/usr/lib/system/libremovefile.dylib
0x00007fff24c3d000 	/usr/lib/system/libsystem_asl.dylib
0x00007fff201fa000 	/usr/lib/system/libsystem_blocks.dylib
0x00007fff20397000 	/usr/lib/system/libsystem_c.dylib
0x00007fff2a879000 	/usr/lib/system/libsystem_collections.dylib
0x00007fff29411000 	/usr/lib/system/libsystem_configuration.dylib
0x00007fff28652000 	/usr/lib/system/libsystem_containermanager.dylib
0x00007fff2a5c4000 	/usr/lib/system/libsystem_coreservices.dylib
0x00007fff22824000 	/usr/lib/system/libsystem_darwin.dylib
0x00007fff2a883000 	/usr/lib/system/libsystem_dnssd.dylib
0x00007fff20394000 	/usr/lib/system/libsystem_featureflags.dylib
0x00007fff2050e000 	/usr/lib/system/libsystem_info.dylib
0x00007fff2a7d8000 	/usr/lib/system/libsystem_m.dylib
0x00007fff202e8000 	/usr/lib/system/libsystem_malloc.dylib
0x00007fff24bd0000 	/usr/lib/system/libsystem_networkextension.dylib
0x00007fff22c43000 	/usr/lib/system/libsystem_notify.dylib
0x00007fff306be000 	/usr/lib/system/libsystem_product_info_filter.dylib
0x00007fff29415000 	/usr/lib/system/libsystem_sandbox.dylib
0x00007fff2a87c000 	/usr/lib/system/libsystem_secinit.dylib
0x00007fff2048c000 	/usr/lib/system/libsystem_kernel.dylib
0x00007fff20504000 	/usr/lib/system/libsystem_platform.dylib
0x00007fff204bc000 	/usr/lib/system/libsystem_pthread.dylib
0x00007fff2634b000 	/usr/lib/system/libsystem_symptoms.dylib
0x00007fff20232000 	/usr/lib/system/libsystem_trace.dylib
0x00007fff2a853000 	/usr/lib/system/libunwind.dylib
0x00007fff201fc000 	/usr/lib/system/libxpc.dylib
0x00007fff20476000 	/usr/lib/libc++abi.dylib
0x00007fff2a85e000 	/usr/lib/liboah.dylib
0x00007fff2af20000 	/usr/lib/liblzma.5.dylib
0x00007fff20f24000 	/System/Library/Frameworks/SystemConfiguration.framework/Versions/A/SystemConfiguration
0x00007fff2a893000 	/usr/lib/libfakelink.dylib
0x00007fff24731000 	/System/Library/Frameworks/CFNetwork.framework/Versions/A/CFNetwork
0x00007fff2a9d3000 	/usr/lib/libarchive.2.dylib
0x00007fff20fa2000 	/usr/lib/libCRFSuite.dylib
0x00007fff2a040000 	/usr/lib/libbsm.0.dylib
0x00007fff240b1000 	/usr/lib/libnetwork.dylib
0x00007fff2a898000 	/usr/lib/libpcap.A.dylib
0x00007fff26344000 	/usr/lib/libdns_services.dylib
0x00007fff2af39000 	/usr/lib/libcoretls_cfhelpers.dylib
0x00007fff2aad2000 	/usr/lib/libapple_nghttp2.dylib
0x00007fff2a82b000 	/usr/lib/system/libkxld.dylib
0x00007fff25fc2000 	/usr/lib/libsqlite3.dylib
0x00007fff2a5a7000 	/System/Library/PrivateFrameworks/AppleFSCompression.framework/Versions/A/AppleFSCompression
0x00007fff2a028000 	/usr/lib/libcoretls.dylib
0x00007fff2aaff000 	/usr/lib/libpam.2.dylib
0x00007fff2b036000 	/usr/lib/libxar.1.dylib
0x00007fff2941c000 	/System/Library/PrivateFrameworks/AppleSystemInfo.framework/Versions/A/AppleSystemInfo
0x00007fff29c6a000 	/System/Library/PrivateFrameworks/IOMobileFramebuffer.framework/Versions/A/IOMobileFramebuffer
0x00007fff2a5b7000 	/usr/lib/libbz2.1.0.dylib
0x00007fff2a8d0000 	/usr/lib/libiconv.2.dylib
0x00007fff2a824000 	/usr/lib/libcharset.1.dylib
0x00007fff274ee000 	/System/Library/Frameworks/CoreServices.framework/Versions/A/Frameworks/FSEvents.framework/Versions/A/FSEvents
0x00007fff2282e000 	/System/Library/Frameworks/CoreServices.framework/Versions/A/Frameworks/CarbonCore.framework/Versions/A/CarbonCore
0x00007fff26558000 	/System/Library/Frameworks/CoreServices.framework/Versions/A/Frameworks/Metadata.framework/Versions/A/Metadata
0x00007fff2a5c9000 	/System/Library/Frameworks/CoreServices.framework/Versions/A/Frameworks/OSServices.framework/Versions/A/OSServices
0x00007fff2aa45000 	/System/Library/Frameworks/CoreServices.framework/Versions/A/Frameworks/SearchKit.framework/Versions/A/SearchKit
0x00007fff262cf000 	/System/Library/Frameworks/CoreServices.framework/Versions/A/Frameworks/AE.framework/Versions/A/AE
0x00007fff209d8000 	/System/Library/Frameworks/CoreServices.framework/Versions/A/Frameworks/LaunchServices.framework/Versions/A/LaunchServices
0x00007fff2aed0000 	/System/Library/Frameworks/CoreServices.framework/Versions/A/Frameworks/DictionaryServices.framework/Versions/A/DictionaryServices
0x00007fff274f7000 	/System/Library/Frameworks/CoreServices.framework/Versions/A/Frameworks/SharedFileList.framework/Versions/A/SharedFileList
0x00007fff2a01c000 	/usr/lib/libCheckFix.dylib
0x00007fff24c54000 	/System/Library/PrivateFrameworks/TCC.framework/Versions/A/TCC
0x00007fff29422000 	/System/Library/PrivateFrameworks/CoreNLP.framework/Versions/A/CoreNLP
0x00007fff2650b000 	/System/Library/PrivateFrameworks/MetadataUtilities.framework/Versions/A/MetadataUtilities
0x00007fff20fd7000 	/usr/lib/libmecabra.dylib
0x00007fff2a326000 	/System/Library/Frameworks/MLCompute.framework/Versions/A/MLCompute
0x00007fff2a051000 	/usr/lib/libmecab.dylib
0x00007fff2a09b000 	/usr/lib/libgermantok.dylib
0x00007fff2aaad000 	/usr/lib/libThaiTokenizer.dylib
0x00007fff2b071000 	/usr/lib/libChineseTokenizer.dylib
0x00007fff2aafd000 	/System/Library/Frameworks/MetalPerformanceShaders.framework/Versions/A/MetalPerformanceShaders
0x00007fff265fa000 	/System/Library/Frameworks/Accelerate.framework/Versions/A/Frameworks/vImage.framework/Versions/A/vImage
0x00007fff30796000 	/System/Library/Frameworks/Accelerate.framework/Versions/A/Frameworks/vecLib.framework/Versions/A/vecLib
0x00007fff2b07c000 	/System/Library/Frameworks/Accelerate.framework/Versions/A/Frameworks/vecLib.framework/Versions/A/libvMisc.dylib
0x00007fff29aca000 	/System/Library/Frameworks/Accelerate.framework/Versions/A/Frameworks/vecLib.framework/Versions/A/libvDSP.dylib
0x00007fff20ce0000 	/System/Library/Frameworks/Accelerate.framework/Versions/A/Frameworks/vecLib.framework/Versions/A/libBLAS.dylib
0x00007fff2ab2b000 	/System/Library/Frameworks/Accelerate.framework/Versions/A/Frameworks/vecLib.framework/Versions/A/libLAPACK.dylib
0x00007fff2a0a1000 	/System/Library/Frameworks/Accelerate.framework/Versions/A/Frameworks/vecLib.framework/Versions/A/libLinearAlgebra.dylib
0x00007fff2aaea000 	/System/Library/Frameworks/Accelerate.framework/Versions/A/Frameworks/vecLib.framework/Versions/A/libSparseBLAS.dylib
0x00007fff2ab25000 	/System/Library/Frameworks/Accelerate.framework/Versions/A/Frameworks/vecLib.framework/Versions/A/libQuadrature.dylib
0x00007fff294ce000 	/System/Library/Frameworks/Accelerate.framework/Versions/A/Frameworks/vecLib.framework/Versions/A/libBNNS.dylib
0x00007fff20eb5000 	/System/Library/Frameworks/Accelerate.framework/Versions/A/Frameworks/vecLib.framework/Versions/A/libSparse.dylib
0x00007fff293aa000 	/System/Library/Frameworks/MetalPerformanceShaders.framework/Versions/A/Frameworks/MPSCore.framework/Versions/A/MPSCore
0x00007fff2a516000 	/System/Library/Frameworks/MetalPerformanceShaders.framework/Versions/A/Frameworks/MPSImage.framework/Versions/A/MPSImage
0x00007fff2a0b7000 	/System/Library/Frameworks/MetalPerformanceShaders.framework/Versions/A/Frameworks/MPSNeuralNetwork.framework/Versions/A/MPSNeuralNetwork
0x00007fff2a488000 	/System/Library/Frameworks/MetalPerformanceShaders.framework/Versions/A/Frameworks/MPSMatrix.framework/Versions/A/MPSMatrix
0x00007fff2a2d6000 	/System/Library/Frameworks/MetalPerformanceShaders.framework/Versions/A/Frameworks/MPSRayIntersector.framework/Versions/A/MPSRayIntersector
0x00007fff2a4bf000 	/System/Library/Frameworks/MetalPerformanceShaders.framework/Versions/A/Frameworks/MPSNDArray.framework/Versions/A/MPSNDArray
0x00007fff20c0c000 	/System/Library/PrivateFrameworks/MetalTools.framework/Versions/A/MetalTools
0x00007fff2941a000 	/System/Library/PrivateFrameworks/AggregateDictionary.framework/Versions/A/AggregateDictionary
0x00007fff264d8000 	/System/Library/PrivateFrameworks/CoreAnalytics.framework/Versions/A/CoreAnalytics
0x00007fff2aaaf000 	/System/Library/PrivateFrameworks/AppleSauce.framework/Versions/A/AppleSauce
0x00007fff28675000 	/System/Library/PrivateFrameworks/IOAccelerator.framework/Versions/A/IOAccelerator
0x00007fff6c33b000 	/System/Library/Frameworks/OpenGL.framework/Versions/A/Libraries/libCoreFSCache.dylib
0x00007fff2156e000 	/System/Library/PrivateFrameworks/LanguageModeling.framework/Versions/A/LanguageModeling
0x00007fff29c58000 	/System/Library/PrivateFrameworks/CoreEmoji.framework/Versions/A/CoreEmoji
0x00007fff294c7000 	/System/Library/PrivateFrameworks/LinguisticData.framework/Versions/A/LinguisticData
0x00007fff20e67000 	/System/Library/PrivateFrameworks/Lexicon.framework/Versions/A/Lexicon
0x00007fff2a9c1000 	/usr/lib/libcmph.dylib
0x00007fff274ce000 	/System/Library/Frameworks/OpenDirectory.framework/Versions/A/Frameworks/CFOpenDirectory.framework/Versions/A/CFOpenDirectory
0x00007fff274be000 	/System/Library/Frameworks/OpenDirectory.framework/Versions/A/OpenDirectory
0x00007fff2af3b000 	/System/Library/PrivateFrameworks/APFS.framework/Versions/A/APFS
0x00007fff29f7e000 	/System/Library/Frameworks/SecurityFoundation.framework/Versions/A/SecurityFoundation
0x00007fff2b044000 	/usr/lib/libutil.dylib
0x00007fff22b59000 	/System/Library/PrivateFrameworks/CoreServicesStore.framework/Versions/A/CoreServicesStore
0x00007fff2a014000 	/System/Library/Frameworks/ServiceManagement.framework/Versions/A/ServiceManagement
0x00007fff2b048000 	/usr/lib/libxslt.1.dylib
0x00007fff2a00a000 	/System/Library/PrivateFrameworks/BackgroundTaskManagement.framework/Versions/A/BackgroundTaskManagement
0x00007fff2c1e0000 	/System/Library/Frameworks/ImageIO.framework/Versions/A/Resources/libRadiance.dylib
0x00007fff2c1e9000 	/System/Library/Frameworks/ImageIO.framework/Versions/A/Resources/libJPEG.dylib
0x00007fff2c134000 	/System/Library/Frameworks/ImageIO.framework/Versions/A/Resources/libPng.dylib
0x00007fff2c15b000 	/System/Library/Frameworks/ImageIO.framework/Versions/A/Resources/libTIFF.dylib
0x00007fff2c23e000 	/System/Library/Frameworks/ImageIO.framework/Versions/A/Resources/libGIF.dylib
0x00007fff2be28000 	/System/Library/Frameworks/ImageIO.framework/Versions/A/Resources/libJP2.dylib
0x00007fff2b516000 	/usr/lib/libexpat.1.dylib
0x00007fff2bdde000 	/System/Library/PrivateFrameworks/AppleJPEG.framework/Versions/A/AppleJPEG
0x00007fff2894f000 	/System/Library/PrivateFrameworks/FontServices.framework/libFontParser.dylib
0x00007fff26286000 	/System/Library/PrivateFrameworks/RunningBoardServices.framework/Versions/A/RunningBoardServices
0x00007fff2bf07000 	/System/Library/PrivateFrameworks/WatchdogClient.framework/Versions/A/WatchdogClient
0x00007fff21657000 	/System/Library/Frameworks/CoreDisplay.framework/Versions/A/CoreDisplay
0x00007fff287c0000 	/System/Library/Frameworks/CoreMedia.framework/Versions/A/CoreMedia
0x00007fff2764a000 	/System/Library/Frameworks/CoreVideo.framework/Versions/A/CoreVideo
0x00007fff2bf42000 	/System/Library/Frameworks/VideoToolbox.framework/Versions/A/VideoToolbox
0x00007fff26206000 	/System/Library/PrivateFrameworks/BaseBoard.framework/Versions/A/BaseBoard
0x00007fff2b688000 	/System/Library/PrivateFrameworks/PersistentConnection.framework/Versions/A/PersistentConnection
0x00007fff25fac000 	/System/Library/PrivateFrameworks/ProtocolBuffer.framework/Versions/A/ProtocolBuffer
0x00007fff261ee000 	/System/Library/PrivateFrameworks/CommonUtilities.framework/Versions/A/CommonUtilities
0x00007fff2bda1000 	/System/Library/PrivateFrameworks/Bom.framework/Versions/A/Bom
0x00007fff2c1d8000 	/System/Library/PrivateFrameworks/GPUWrangler.framework/Versions/A/GPUWrangler
0x00007fff2c1bb000 	/System/Library/PrivateFrameworks/IOPresentment.framework/Versions/A/IOPresentment
0x00007fff2c1e3000 	/System/Library/PrivateFrameworks/DSExternalDisplay.framework/Versions/A/DSExternalDisplay
0x00007fff2c243000 	/System/Library/PrivateFrameworks/CMCaptureCore.framework/Versions/A/CMCaptureCore
0x00007fff2bb24000 	/System/Library/PrivateFrameworks/AppServerSupport.framework/Versions/A/AppServerSupport
0x00007fff2dfd8000 	/System/Library/PrivateFrameworks/perfdata.framework/Versions/A/perfdata
0x00007fff29f6d000 	/System/Library/PrivateFrameworks/AssertionServices.framework/Versions/A/AssertionServices
0x00007fff2178e000 	/System/Library/PrivateFrameworks/AudioToolboxCore.framework/Versions/A/AudioToolboxCore
0x00007fff287a3000 	/System/Library/PrivateFrameworks/caulk.framework/Versions/A/caulk
0x00007fff3d4a8000 	/System/Library/PrivateFrameworks/SystemPolicy.framework/Versions/A/SystemPolicy
0x00007fff2b325000 	/usr/lib/libIOReport.dylib
0x00007fff2d814000 	/usr/lib/libSMC.dylib
0x00007fff2c100000 	/usr/lib/libAudioToolboxUtility.dylib
0x00007fff3de03000 	/usr/lib/libmis.dylib
0x00007fff6c397000 	/System/Library/Frameworks/OpenGL.framework/Versions/A/Libraries/libGLU.dylib
0x00007fff6c35a000 	/System/Library/Frameworks/OpenGL.framework/Versions/A/Libraries/libGFXShared.dylib
0x00007fff6c568000 	/System/Library/Frameworks/OpenGL.framework/Versions/A/Libraries/libGL.dylib
0x00007fff6c363000 	/System/Library/Frameworks/OpenGL.framework/Versions/A/Libraries/libGLImage.dylib
0x00007fff6c357000 	/System/Library/Frameworks/OpenGL.framework/Versions/A/Libraries/libCVMSPluginSupport.dylib
0x00007fff6c342000 	/System/Library/Frameworks/OpenGL.framework/Versions/A/Libraries/libCoreVMClient.dylib
0x00007fff6d9b2000 	/System/Library/Frameworks/OpenCL.framework/Versions/A/OpenCL
0x00007fff2b6b1000 	/System/Library/PrivateFrameworks/GraphVisualizer.framework/Versions/A/GraphVisualizer
0x00007fff2b6c0000 	/System/Library/PrivateFrameworks/FaceCore.framework/Versions/A/FaceCore
0x00007fff2badc000 	/System/Library/PrivateFrameworks/OTSVG.framework/Versions/A/OTSVG
0x00007fff27243000 	/System/Library/Frameworks/ApplicationServices.framework/Versions/A/Frameworks/ATS.framework/Versions/A/Resources/libFontRegistry.dylib
0x00007fff2bb2b000 	/System/Library/PrivateFrameworks/FontServices.framework/libhvf.dylib
0x00007fff2b4c2000 	/System/Library/PrivateFrameworks/AppleVA.framework/Versions/A/AppleVA
0x00007fff2d65c000 	/System/Library/Frameworks/ApplicationServices.framework/Versions/A/Frameworks/ATS.framework/Versions/A/ATS
0x00007fff2d96f000 	/System/Library/Frameworks/ApplicationServices.framework/Versions/A/Frameworks/ColorSyncLegacy.framework/Versions/A/ColorSyncLegacy
0x00007fff25779000 	/System/Library/Frameworks/ApplicationServices.framework/Versions/A/Frameworks/HIServices.framework/Versions/A/HIServices
0x00007fff2d954000 	/System/Library/Frameworks/ApplicationServices.framework/Versions/A/Frameworks/LangAnalysis.framework/Versions/A/LangAnalysis
0x00007fff2c24d000 	/System/Library/Frameworks/ApplicationServices.framework/Versions/A/Frameworks/PrintCore.framework/Versions/A/PrintCore
0x00007fff2d977000 	/System/Library/Frameworks/ApplicationServices.framework/Versions/A/Frameworks/QD.framework/Versions/A/QD
0x00007fff2d64c000 	/System/Library/Frameworks/ApplicationServices.framework/Versions/A/Frameworks/SpeechSynthesis.framework/Versions/A/SpeechSynthesis
0x00007fff2c20e000 	/System/Library/Frameworks/ApplicationServices.framework/Versions/A/Frameworks/ATSUI.framework/Versions/A/ATSUI
0x00007fff2d8f4000 	/usr/lib/libcups.2.dylib
0x00007fff2d964000 	/System/Library/PrivateFrameworks/NetAuth.framework/Versions/A/NetAuth
0x00007fff2dff3000 	/System/Library/Frameworks/Kerberos.framework/Versions/A/Kerberos
0x00007fff2e003000 	/System/Library/Frameworks/GSS.framework/Versions/A/GSS
0x00007fff2d6c9000 	/usr/lib/libresolv.9.dylib
0x00007fff2bb41000 	/System/Library/PrivateFrameworks/Heimdal.framework/Versions/A/Heimdal
0x00007fff33cdc000 	/System/Library/Frameworks/Kerberos.framework/Versions/A/Libraries/libHeimdalProxy.dylib
0x00007fff26353000 	/System/Library/Frameworks/Network.framework/Versions/A/Network
0x00007fff2b52f000 	/usr/lib/libheimdal-asn1.dylib
0x00007fff2e054000 	/System/Library/PrivateFrameworks/CommonAuth.framework/Versions/A/CommonAuth
0x00007fff27698000 	/System/Library/PrivateFrameworks/login.framework/Versions/A/Frameworks/loginsupport.framework/Versions/A/loginsupport
0x00007fff2d5d3000 	/System/Library/PrivateFrameworks/AudioSession.framework/Versions/A/AudioSession
0x00007fff2d639000 	/usr/lib/libAudioStatistics.dylib
0x00007fff2b5bb000 	/System/Library/PrivateFrameworks/MediaExperience.framework/Versions/A/MediaExperience
0x00007fff2d488000 	/System/Library/PrivateFrameworks/AudioSession.framework/libSessionUtility.dylib
0x00007fff2dfe4000 	/usr/lib/libperfcheck.dylib
0x00007fff2d983000 	/System/Library/PrivateFrameworks/AudioResourceArbitration.framework/Versions/A/AudioResourceArbitration
0x00007fff2b539000 	/System/Library/PrivateFrameworks/IconFoundation.framework/Versions/A/IconFoundation
0x00007fff30479000 	/System/Library/PrivateFrameworks/SpeechRecognitionCore.framework/Versions/A/SpeechRecognitionCore
0x0000000111000000 	/Users/dominik/Library/Java/JavaVirtualMachines/corretto-11.0.11/Contents/Home/lib/server/libjvm.dylib
0x000000010ca95000 	/Users/dominik/Library/Java/JavaVirtualMachines/corretto-11.0.11/Contents/Home/lib/libverify.dylib
0x000000010cb0f000 	/Users/dominik/Library/Java/JavaVirtualMachines/corretto-11.0.11/Contents/Home/lib/libjava.dylib
0x000000010cb73000 	/Users/dominik/Library/Java/JavaVirtualMachines/corretto-11.0.11/Contents/Home/lib/libjimage.dylib
0x000000010cb8c000 	/Users/dominik/Library/Java/JavaVirtualMachines/corretto-11.0.11/Contents/Home/lib/libinstrument.dylib
0x000000010cbf1000 	/Users/dominik/Library/Java/JavaVirtualMachines/corretto-11.0.11/Contents/Home/lib/libzip.dylib
0x0000000133bcc000 	/Users/dominik/Library/Java/JavaVirtualMachines/corretto-11.0.11/Contents/Home/lib/libnio.dylib
0x0000000133bf7000 	/Users/dominik/Library/Java/JavaVirtualMachines/corretto-11.0.11/Contents/Home/lib/libnet.dylib
0x000000010cae4000 	/Users/dominik/Library/Java/JavaVirtualMachines/corretto-11.0.11/Contents/Home/lib/libextnet.dylib
0x0000000133c8f000 	/Users/dominik/Library/Java/JavaVirtualMachines/corretto-11.0.11/Contents/Home/lib/libawt.dylib
0x0000000133dd5000 	/Users/dominik/Library/Java/JavaVirtualMachines/corretto-11.0.11/Contents/Home/lib/libmlib_image.dylib
0x00007fff6f0e1000 	/System/Library/Frameworks/JavaNativeFoundation.framework/Versions/A/JavaNativeFoundation
0x00007fff6f0ed000 	/System/Library/Frameworks/JavaRuntimeSupport.framework/Versions/A/JavaRuntimeSupport
0x00007fff3d1f2000 	/System/Library/Frameworks/Carbon.framework/Versions/A/Carbon
0x00007fff32337000 	/System/Library/PrivateFrameworks/CoreSymbolication.framework/Versions/A/CoreSymbolication
0x00007fff36c4f000 	/System/Library/Frameworks/Carbon.framework/Versions/A/Frameworks/CommonPanels.framework/Versions/A/CommonPanels
0x00007fff33771000 	/System/Library/Frameworks/Carbon.framework/Versions/A/Frameworks/Help.framework/Versions/A/Help
0x00007fff36c53000 	/System/Library/Frameworks/Carbon.framework/Versions/A/Frameworks/ImageCapture.framework/Versions/A/ImageCapture
0x00007fff36c23000 	/System/Library/Frameworks/Carbon.framework/Versions/A/Frameworks/OpenScripting.framework/Versions/A/OpenScripting
0x00007fff36c4b000 	/System/Library/Frameworks/Carbon.framework/Versions/A/Frameworks/Ink.framework/Versions/A/Ink
0x00007fff3d1ee000 	/System/Library/Frameworks/Carbon.framework/Versions/A/Frameworks/Print.framework/Versions/A/Print
0x00007fff36c47000 	/System/Library/Frameworks/Carbon.framework/Versions/A/Frameworks/SecurityHI.framework/Versions/A/SecurityHI
0x00007fff322fb000 	/System/Library/PrivateFrameworks/DebugSymbols.framework/Versions/A/DebugSymbols
0x0000000133ea0000 	/Users/dominik/Library/Java/JavaVirtualMachines/corretto-11.0.11/Contents/Home/lib/libawt_lwawt.dylib
0x0000000134016000 	/Users/dominik/Library/Java/JavaVirtualMachines/corretto-11.0.11/Contents/Home/lib/libosxapp.dylib
0x00007fff3c80d000 	/System/Library/Frameworks/ExceptionHandling.framework/Versions/A/ExceptionHandling
0x00000001340dd000 	/Users/dominik/Library/Java/JavaVirtualMachines/corretto-11.0.11/Contents/Home/lib/libfontmanager.dylib
0x0000000134100000 	/Users/dominik/Library/Java/JavaVirtualMachines/corretto-11.0.11/Contents/Home/lib/libharfbuzz.dylib
0x0000000134318000 	/Users/dominik/Library/Java/JavaVirtualMachines/corretto-11.0.11/Contents/Home/lib/libfreetype.dylib
0x00007fff22b1a000 	/System/Library/PrivateFrameworks/CoreServicesInternal.framework/Versions/A/CoreServicesInternal
0x00007fff317ff000 	/System/Library/Frameworks/FileProvider.framework/Versions/A/FileProvider
0x00007fff26171000 	/System/Library/Frameworks/Accounts.framework/Versions/A/Accounts
0x00007fff3194f000 	/System/Library/PrivateFrameworks/GenerationalStorage.framework/Versions/A/GenerationalStorage
0x00007fff3121f000 	/System/Library/PrivateFrameworks/SymptomDiagnosticReporter.framework/Versions/A/SymptomDiagnosticReporter
0x00007fff23c47000 	/System/Library/PrivateFrameworks/DesktopServicesPriv.framework/Versions/A/DesktopServicesPriv
0x00007fff22c4f000 	/usr/lib/libsandbox.1.dylib
0x00007fff276c3000 	/System/Library/PrivateFrameworks/UserManagement.framework/Versions/A/UserManagement
0x00007fff29f4a000 	/System/Library/PrivateFrameworks/MobileKeyBag.framework/Versions/A/MobileKeyBag
0x00007fff34d5c000 	/System/Library/PrivateFrameworks/ChunkingLibrary.framework/Versions/A/ChunkingLibrary
0x00007fff2ea19000 	/System/Library/PrivateFrameworks/Sharing.framework/Versions/A/Sharing
0x00007fff332de000 	/System/Library/PrivateFrameworks/Apple80211.framework/Versions/A/Apple80211
0x00007fff2a5f7000 	/System/Library/PrivateFrameworks/AuthKit.framework/Versions/A/AuthKit
0x00007fff29d48000 	/System/Library/PrivateFrameworks/CoreUtils.framework/Versions/A/CoreUtils
0x00007fff29c75000 	/System/Library/Frameworks/CoreWLAN.framework/Versions/A/CoreWLAN
0x00007fff2eb65000 	/System/Library/Frameworks/IOBluetooth.framework/Versions/A/IOBluetooth
0x00007fff33342000 	/System/Library/PrivateFrameworks/CoreWiFi.framework/Versions/A/CoreWiFi
0x00007fff2e0da000 	/System/Library/PrivateFrameworks/CorePhoneNumbers.framework/Versions/A/CorePhoneNumbers
0x00007fff31326000 	/System/Library/PrivateFrameworks/DiskManagement.framework/Versions/A/DiskManagement
0x00007fff3123c000 	/System/Library/PrivateFrameworks/AppleIDAuthSupport.framework/Versions/A/AppleIDAuthSupport
0x00007fff2e0ba000 	/System/Library/PrivateFrameworks/KeychainCircle.framework/Versions/A/KeychainCircle
0x00007fff312f2000 	/System/Library/PrivateFrameworks/MediaKit.framework/Versions/A/MediaKit
0x00007fff31249000 	/System/Library/Frameworks/DiscRecording.framework/Versions/A/DiscRecording
0x00007fff2b436000 	/usr/lib/libCoreStorage.dylib
0x00007fff3377d000 	/usr/lib/libcsfde.dylib
0x00007fff2eca0000 	/System/Library/PrivateFrameworks/ProtectedCloudStorage.framework/Versions/A/ProtectedCloudStorage
0x00007fff33775000 	/System/Library/PrivateFrameworks/EFILogin.framework/Versions/A/EFILogin
0x00007fff33d8f000 	/System/Library/Frameworks/AudioUnit.framework/Versions/A/AudioUnit
0x00007fff311b9000 	/System/Library/Frameworks/CoreBluetooth.framework/Versions/A/CoreBluetooth
0x00007fff2b42e000 	/usr/lib/libMatch.1.dylib
0x00007fff44052000 	/System/Library/CoreServices/RawCamera.bundle/Contents/MacOS/RawCamera
0x00007fff2e065000 	/System/Library/PrivateFrameworks/MobileAsset.framework/Versions/A/MobileAsset
0x00007fff33db3000 	/System/Library/PrivateFrameworks/StreamingZip.framework/Versions/A/StreamingZip
0x00007fff2c445000 	/System/Library/Frameworks/MediaToolbox.framework/Versions/A/MediaToolbox
0x00007fff317d1000 	/System/Library/PrivateFrameworks/CoreAVCHD.framework/Versions/A/CoreAVCHD
0x00007fff309b8000 	/System/Library/Frameworks/MediaAccessibility.framework/Versions/A/MediaAccessibility
0x00007fff317cd000 	/System/Library/PrivateFrameworks/Mangrove.framework/Versions/A/Mangrove
0x00007fff309c4000 	/System/Library/PrivateFrameworks/AlgosScoreFramework.framework/Versions/A/AlgosScoreFramework
0x00007fff32209000 	/System/Library/PrivateFrameworks/AppleVPA.framework/Versions/A/AppleVPA
0x00007fff31412000 	/System/Library/PrivateFrameworks/CoreAUC.framework/Versions/A/CoreAUC
0x00007fff41aa2000 	/System/Library/Frameworks/Accelerate.framework/Versions/A/Frameworks/vImage.framework/Versions/A/Libraries/libCGInterfaces.dylib
0x0000000136a5c000 	/usr/lib/libobjc-trampolines.dylib
0x00007fff273c6000 	/System/Library/PrivateFrameworks/ViewBridge.framework/Versions/A/ViewBridge
0x00007fff2bc02000 	/System/Library/PrivateFrameworks/login.framework/Versions/A/login
0x00000001390f8000 	/Users/dominik/IdeaProjects/Games/native/liblwjgl.dylib
0x00000001378b6000 	/Users/dominik/Library/Java/JavaVirtualMachines/corretto-11.0.11/Contents/Home/lib/libjawt.dylib
0x00007fff6c573000 	/System/Library/Frameworks/OpenGL.framework/Versions/A/Resources/GLEngine.bundle/GLEngine
0x00007fff6c3d4000 	/System/Library/Frameworks/OpenGL.framework/Versions/A/Libraries/libGLProgrammability.dylib
0x0000000139410000 	/System/Library/Extensions/AppleMetalOpenGLRenderer.bundle/Contents/MacOS/AppleMetalOpenGLRenderer
0x00007fff6c6f1000 	/System/Library/Frameworks/OpenGL.framework/Versions/A/Resources/GLRendererFloat.bundle/GLRendererFloat
0x0000000139589000 	/System/Library/Extensions/AGXMetal13_3.bundle/Contents/MacOS/AGXMetal13_3
0x00007fff38dd8000 	/System/Library/PrivateFrameworks/IOGPU.framework/Versions/A/IOGPU
0x00007fff69ef0000 	/System/Library/PrivateFrameworks/GPUCompiler.framework/Versions/31001/Libraries/libmetal_timestamp.dylib


VM Arguments:
jvm_args: -Djava.library.path=/Users/dominik/IdeaProjects/Games/native -javaagent:/Applications/IntelliJ IDEA Edu.app/Contents/lib/idea_rt.jar=51141:/Applications/IntelliJ IDEA Edu.app/Contents/bin -Dfile.encoding=UTF-8 
java_command: at.domnik.games.firstgame.ObjectGame
java_class_path (initial): /Users/dominik/IdeaProjects/Games/out/production/Slick2DTemplate:/Users/dominik/IdeaProjects/Games/lib/jogg-0.0.7.jar:/Users/dominik/IdeaProjects/Games/lib/jnlp.jar:/Users/dominik/IdeaProjects/Games/lib/natives-mac.jar:/Users/dominik/IdeaProjects/Games/lib/ibxm.jar:/Users/dominik/IdeaProjects/Games/lib/slick.jar:/Users/dominik/IdeaProjects/Games/lib/lwjgl_util.jar:/Users/dominik/IdeaProjects/Games/lib/natives-windows.jar:/Users/dominik/IdeaProjects/Games/lib/tinylinepp.jar:/Users/dominik/IdeaProjects/Games/lib/slick-examples.jar:/Users/dominik/IdeaProjects/Games/lib/jinput.jar:/Users/dominik/IdeaProjects/Games/lib/lwjgl.jar:/Users/dominik/IdeaProjects/Games/lib/jorbis-0.0.15.jar:/Users/dominik/IdeaProjects/Games/lib/lwjgl_util_applet.jar:/Users/dominik/IdeaProjects/Games/lib/natives-linux.jar
Launcher Type: SUN_STANDARD

[Global flags]
     intx CICompilerCount                          = 4                                         {product} {ergonomic}
     uint ConcGCThreads                            = 2                                         {product} {ergonomic}
     uint G1ConcRefinementThreads                  = 8                                         {product} {ergonomic}
   size_t G1HeapRegionSize                         = 1048576                                   {product} {ergonomic}
    uintx GCDrainStackTargetSize                   = 64                                        {product} {ergonomic}
   size_t InitialHeapSize                          = 134217728                                 {product} {ergonomic}
   size_t MarkStackSize                            = 4194304                                   {product} {ergonomic}
   size_t MaxHeapSize                              = 2147483648                                {product} {ergonomic}
   size_t MaxNewSize                               = 1287651328                                {product} {ergonomic}
   size_t MinHeapDeltaBytes                        = 1048576                                   {product} {ergonomic}
    uintx NonNMethodCodeHeapSize                   = 5836300                                {pd product} {ergonomic}
    uintx NonProfiledCodeHeapSize                  = 122910970                              {pd product} {ergonomic}
    uintx ProfiledCodeHeapSize                     = 122910970                              {pd product} {ergonomic}
    uintx ReservedCodeCacheSize                    = 251658240                              {pd product} {ergonomic}
     bool SegmentedCodeCache                       = true                                      {product} {ergonomic}
     bool UseCompressedClassPointers               = true                                 {lp64_product} {ergonomic}
     bool UseCompressedOops                        = true                                 {lp64_product} {ergonomic}
     bool UseG1GC                                  = true                                      {product} {ergonomic}

Logging:
Log output configuration:
 #0: stdout all=warning uptime,level,tags
 #1: stderr all=off uptime,level,tags

Environment Variables:
PATH=/usr/local/bin:/usr/bin:/bin:/usr/sbin:/sbin:/Applications/Little Snitch.app/Contents/Components:/usr/local/share/dotnet:~/.dotnet/tools:/Library/Frameworks/Mono.framework/Versions/Current/Commands
SHELL=/bin/zsh
LC_CTYPE=de_AT.UTF-8

Signal Handlers:
SIGSEGV: [libjvm.dylib+0x7d868a], sa_mask[0]=11111111111111111111111111111111, sa_flags=SA_ONSTACK|SA_RESTART|SA_SIGINFO
SIGBUS: [libjvm.dylib+0x7d868a], sa_mask[0]=11111111111111111111111111111111, sa_flags=SA_RESTART|SA_SIGINFO
SIGFPE: [libjvm.dylib+0x7d868a], sa_mask[0]=11111111111111111111111111111111, sa_flags=SA_RESTART|SA_SIGINFO
SIGPIPE: [libjvm.dylib+0x62ff02], sa_mask[0]=11111111111111111111111111111111, sa_flags=SA_RESTART|SA_SIGINFO
SIGXFSZ: [libjvm.dylib+0x62ff02], sa_mask[0]=11111111111111111111111111111111, sa_flags=SA_RESTART|SA_SIGINFO
SIGILL: [libjvm.dylib+0x7d868a], sa_mask[0]=11111111111111111111111111111111, sa_flags=SA_RESTART|SA_SIGINFO
SIGUSR2: [libjvm.dylib+0x630500], sa_mask[0]=00100000000000000000000000000000, sa_flags=SA_RESTART|SA_SIGINFO
SIGHUP: [libjvm.dylib+0x62f03b], sa_mask[0]=11111111111111111111111111111111, sa_flags=SA_RESTART|SA_SIGINFO
SIGINT: [libjvm.dylib+0x62f03b], sa_mask[0]=11111111111111111111111111111111, sa_flags=SA_RESTART|SA_SIGINFO
SIGTERM: [libjvm.dylib+0x62f03b], sa_mask[0]=11111111111111111111111111111111, sa_flags=SA_RESTART|SA_SIGINFO
SIGQUIT: [libjvm.dylib+0x62f03b], sa_mask[0]=11111111111111111111111111111111, sa_flags=SA_RESTART|SA_SIGINFO


---------------  S Y S T E M  ---------------

OS:uname:Darwin 20.5.0 Darwin Kernel Version 20.5.0: Thu Apr 15 05:31:18 PDT 2021; root:xnu-7195.120.38.111.1~4/RELEASE_ARM64_T8101 x86_64
OS uptime: 6 days 2:20 hours
rlimit (soft/hard): STACK 8176k/65520k , CORE 0k/infinity , NPROC 1333/2000 , NOFILE 10240/infinity , AS infinity/infinity , CPU infinity/infinity , DATA infinity/infinity , FSIZE infinity/infinity , MEMLOCK infinity/infinity , RSS infinity/infinity
load average:2.33 2.31 2.18

CPU:total 8 (initial active 8) (1 cores per cpu, 1 threads per core) family 6 model 44 stepping 0 microcode 0x0, cmov, cx8, fxsr, mmx, sse, sse2, sse3, ssse3, sse4.1, sse4.2, popcnt, aes, clmul, tsc, tscinvbit, tscinv

Memory: 4k page, physical 8388608k(79720k free), swap 2097152k(1555712k free)

vm_info: OpenJDK 64-Bit Server VM (11.0.11+9-LTS) for bsd-amd64 JRE (11.0.11+9-LTS), built on Apr 16 2021 10:18:40 by "corretto" with gcc 4.2.1 Compatible Apple LLVM 8.0.0 (clang-800.0.42.1)

END.
